#
# A fatal error has been detected by the Java Runtime Environment:
#
#  SIGSEGV (0xb) at pc=0x00000001072c5186, pid=11343, tid=0x0000000000001d03
#
# JRE version: Java(TM) SE Runtime Environment (8.0_181-b13) (build 1.8.0_181-b13)
# Java VM: Java HotSpot(TM) 64-Bit Server VM (25.181-b13 mixed mode bsd-amd64 compressed oops)
# Problematic frame:
# V  [libjvm.dylib+0x2c5186]  void PSParallelCompact::mark_and_push<unsigned int>(ParCompactionManager*, unsigned int*)+0x58
#
# Failed to write core dump. Core dumps have been disabled. To enable core dumping, try "ulimit -c unlimited" before starting Java again
#
# If you would like to submit a bug report, please visit:
#   http://bugreport.java.com/bugreport/crash.jsp
#

---------------  T H R E A D  ---------------

Current thread (0x00007fad6b016800):  GCTaskThread [stack: 0x0000700003770000,0x0000700003870000] [id=7427]

siginfo: si_signo: 11 (SIGSEGV), si_code: 0 (unknown), si_addr: 0x0000000000000000

Registers:
RAX=0x0000000108a20000, RBX=0x00007fad6af0d2c0, RCX=0x03ffffffe3010000, RDX=0x1fffffff18080000
RSP=0x000070000386fc70, RBP=0x000070000386fc90, RSI=0x0000000740263468, RDI=0x00007fad6af0d2c0
R8 =0x0000000000000008, R9 =0x000000000000b595, R10=0x4824240080122401, R11=0x0000000400000000
R12=0x0000000740263468, R13=0x0000000740263474, R14=0x0000000000400000, R15=0x00000007c0002180
RIP=0x00000001072c5186, EFLAGS=0x0000000000010206, ERR=0x0000000000000000
  TRAPNO=0x000000000000000d

Top of Stack: (sp=0x000070000386fc70)
0x000070000386fc70:   0000000000000001 00007fad6af0d2c0
0x000070000386fc80:   00000007c0002178 00000007c0002180
0x000070000386fc90:   000070000386fce0 00000001072c1edd
0x000070000386fca0:   000070000386fcd0 0000000740263430
0x000070000386fcb0:   0000000000000000 0000000740263430
0x000070000386fcc0:   0000000740263430 0000000107617f19
0x000070000386fcd0:   00007fad6af0d2c0 0000000107845e40
0x000070000386fce0:   000070000386fd20 00000001072ce79e
0x000070000386fcf0:   0000000000000000 0000000000000000
0x000070000386fd00:   00007fad6af0d2c0 0000000740263430
0x000070000386fd10:   00007fad6af0d2c8 0000000107845e40
0x000070000386fd20:   000070000386fdb0 00000001074bfd84
0x000070000386fd30:   00007fad6ac17e28 00007fad6af0d300
0x000070000386fd40:   00007fad6af0d348 00007fad6af0d380
0x000070000386fd50:   0000000000000000 0000000000000000
0x000070000386fd60:   0000000740263430 00007fad6c30a000
0x000070000386fd70:   000070000386fd01 00007fad6b016801
0x000070000386fd80:   00007fad6b016800 00007fad6af0d2c0
0x000070000386fd90:   0000000000000000 0000000107617f19
0x000070000386fda0:   00007fad6ac1b0c0 0000000000000001
0x000070000386fdb0:   000070000386fe70 00000001074b1f96
0x000070000386fdc0:   00007fad6ac15fe0 00000001078d8e50
0x000070000386fdd0:   00007fad6ac15f00 000070000386fe20
0x000070000386fde0:   0000000000000000 00000001078d8ef0
0x000070000386fdf0:   000070000386fe00 000070000386fe20
0x000070000386fe00:   00000001078d8f10 0000000107466c00
0x000070000386fe10:   000070000386fe20 00007fad6ac16001
0x000070000386fe20:   00000001078de650 0000000107278100
0x000070000386fe30:   00007fad6af0d2c0 00007fad6ac172a0
0x000070000386fe40:   00007fad6ac172d0 00007fad6ac173e0
0x000070000386fe50:   00007fad6ac176b8 00000000000003d8
0x000070000386fe60:   00007fad6b016800 00007fad6ac1b0c0 

Instructions: (pc=0x00000001072c5186)
0x00000001072c5166:   10 48 c1 ea 03 48 8d 0d 36 53 56 00 8a 09 48 d3
0x00000001072c5176:   ea 48 89 d1 48 83 e1 c0 48 c1 e9 03 48 8b 40 30
0x00000001072c5186:   48 8b 04 08 48 0f a3 d0 72 5d 4c 89 f7 e8 84 5e
0x00000001072c5196:   ee ff 4c 63 f8 48 8d 3d 2e 4b 63 00 4c 89 f6 4c 

Register to memory mapping:

RAX=0x0000000108a20000 is an unknown value
RBX=0x00007fad6af0d2c0 is an unknown value
RCX=0x03ffffffe3010000 is an unknown value
RDX=0x1fffffff18080000 is an unknown value
RSP=0x000070000386fc70 is an unknown value
RBP=0x000070000386fc90 is an unknown value
RSI=0x0000000740263468 is pointing into object: 0x0000000740263430
java.lang.Class 
 - klass: 'java/lang/Class'
RDI=0x00007fad6af0d2c0 is an unknown value
R8 =0x0000000000000008 is an unknown value
R9 =0x000000000000b595 is an unknown value
R10=0x4824240080122401 is an unknown value
R11=0x0000000400000000 is an unknown value
R12=0x0000000740263468 is pointing into object: 0x0000000740263430
java.lang.Class 
 - klass: 'java/lang/Class'
R13=0x0000000740263474 is pointing into object: 0x0000000740263430
java.lang.Class 
 - klass: 'java/lang/Class'
R14=0x0000000000400000 is an unknown value
R15=0x00000007c0002180 is pointing into metadata


Stack: [0x0000700003770000,0x0000700003870000],  sp=0x000070000386fc70,  free space=1023k
Native frames: (J=compiled Java code, j=interpreted, Vv=VM code, C=native code)
V  [libjvm.dylib+0x2c5186]  void PSParallelCompact::mark_and_push<unsigned int>(ParCompactionManager*, unsigned int*)+0x58
V  [libjvm.dylib+0x2c1edd]  InstanceKlass::oop_follow_contents(ParCompactionManager*, oopDesc*)+0x10d
V  [libjvm.dylib+0x2ce79e]  InstanceMirrorKlass::oop_follow_contents(ParCompactionManager*, oopDesc*)+0x20
V  [libjvm.dylib+0x4bfd84]  ParCompactionManager::follow_marking_stacks()+0xb4
V  [libjvm.dylib+0x4b1f96]  ThreadRootsMarkingTask::do_it(GCTaskManager*, unsigned int)+0x11e
V  [libjvm.dylib+0x27867f]  GCTaskThread::run()+0x1a1
V  [libjvm.dylib+0x48e342]  java_start(Thread*)+0xf6
C  [libsystem_pthread.dylib+0x6109]  _pthread_start+0x94
C  [libsystem_pthread.dylib+0x1b8b]  thread_start+0xf


---------------  P R O C E S S  ---------------

Java Threads: ( => current thread )
  0x00007fad6d046000 JavaThread "Thread-8" [_thread_blocked, id=29959, stack(0x00007000049a9000,0x0000700004aa9000)]
  0x00007fad6c30a000 JavaThread "JMX server connection timeout 62" daemon [_thread_blocked, id=35851, stack(0x00007000048a6000,0x00007000049a6000)]
  0x00007fad6c5c0000 JavaThread "RMI TCP Connection(18)-127.0.0.1" daemon [_thread_in_native, id=24327, stack(0x00007000047a3000,0x00007000048a3000)]
  0x00007fad6babe800 JavaThread "DestroyJavaVM" [_thread_blocked, id=4611, stack(0x000070000356a000,0x000070000366a000)]
  0x00007fad6c2d5000 JavaThread "Live Reload Server" daemon [_thread_in_native, id=25863, stack(0x00007000055cd000,0x00007000056cd000)]
  0x00007fad6b3c1800 JavaThread "mysql-cj-abandoned-connection-cleanup" daemon [_thread_blocked, id=42499, stack(0x00007000050be000,0x00007000051be000)]
  0x00007fad6c50f800 JavaThread "RMI TCP Connection(20)-127.0.0.1" daemon [_thread_in_native, id=43011, stack(0x0000700004eb8000,0x0000700004fb8000)]
  0x00007fad6d0d2800 JavaThread "Attach Listener" daemon [_thread_blocked, id=23563, stack(0x0000700004db5000,0x0000700004eb5000)]
  0x00007fad6b216000 JavaThread "JMX server connection timeout 19" daemon [_thread_blocked, id=23043, stack(0x0000700004cb2000,0x0000700004db2000)]
  0x00007fad6d0c5000 JavaThread "RMI Scheduler(0)" daemon [_thread_blocked, id=43267, stack(0x0000700004aac000,0x0000700004bac000)]
  0x00007fad6c355800 JavaThread "RMI TCP Accept-0" daemon [_thread_in_native, id=18435, stack(0x000070000459d000,0x000070000469d000)]
  0x00007fad6b934800 JavaThread "RMI TCP Accept-52469" daemon [_thread_in_native, id=16131, stack(0x000070000449a000,0x000070000459a000)]
  0x00007fad6b931800 JavaThread "RMI TCP Accept-0" daemon [_thread_in_native, id=18947, stack(0x0000700004397000,0x0000700004497000)]
  0x00007fad6b837000 JavaThread "Service Thread" daemon [_thread_blocked, id=15875, stack(0x0000700004294000,0x0000700004394000)]
  0x00007fad6b834000 JavaThread "C1 CompilerThread2" daemon [_thread_blocked, id=15619, stack(0x0000700004191000,0x0000700004291000)]
  0x00007fad6b043800 JavaThread "C2 CompilerThread1" daemon [_thread_blocked, id=19715, stack(0x000070000408e000,0x000070000418e000)]
  0x00007fad6b04b800 JavaThread "C2 CompilerThread0" daemon [_thread_blocked, id=14851, stack(0x0000700003f8b000,0x000070000408b000)]
  0x00007fad6c034000 JavaThread "Signal Dispatcher" daemon [_thread_blocked, id=14339, stack(0x0000700003e88000,0x0000700003f88000)]
  0x00007fad6c024000 JavaThread "Finalizer" daemon [_thread_blocked, id=21251, stack(0x0000700003c7f000,0x0000700003d7f000)]
  0x00007fad6d01e800 JavaThread "Reference Handler" daemon [_thread_blocked, id=11523, stack(0x0000700003b7c000,0x0000700003c7c000)]

Other Threads:
  0x00007fad6c021000 VMThread [stack: 0x0000700003a79000,0x0000700003b79000] [id=11267]
  0x00007fad6b180000 WatcherThread [stack: 0x00007000046a0000,0x00007000047a0000] [id=16643]

=>0x00007fad6b016800 (exited) GCTaskThread [stack: 0x0000700003770000,0x0000700003870000] [id=7427]

VM state:at safepoint (normal execution)

VM Mutex/Monitor currently owned by a thread:  ([mutex/lock_event])
[0x00007fad6ac102f0] Threads_lock - owner thread: 0x00007fad6c021000
[0x00007fad6ac107f0] Heap_lock - owner thread: 0x00007fad6d046000

Heap:
 PSYoungGen      total 31232K, used 5600K [0x0000000795580000, 0x0000000797c80000, 0x00000007c0000000)
  eden space 25600K, 0% used [0x0000000795580000,0x0000000795580000,0x0000000796e80000)
  from space 5632K, 99% used [0x0000000796e80000,0x00000007973f8010,0x0000000797400000)
  to   space 6656K, 0% used [0x0000000797600000,0x0000000797600000,0x0000000797c80000)
 ParOldGen       total 86016K, used 46720K [0x0000000740000000, 0x0000000745400000, 0x0000000795580000)
  object space 86016K, 54% used [0x0000000740000000,0x0000000742da0260,0x0000000745400000)
 Metaspace       used 52953K, capacity 56505K, committed 56704K, reserved 1097728K
  class space    used 7295K, capacity 7945K, committed 8064K, reserved 1048576K

Card table byte_map: [0x0000000108374000,0x0000000108775000] byte_map_base: 0x0000000104974000

Marking Bits: (ParMarkBitMap*) 0x00000001078f9cd0
 Begin Bits: [0x0000000108a20000, 0x000000010aa20000)
 End Bits:   [0x000000010aa20000, 0x000000010ca20000)

Polling page: 0x00000001067a4000

CodeCache: size=245760Kb used=10474Kb max_used=10474Kb free=235285Kb
 bounds [0x000000010f096000, 0x000000010fad6000, 0x000000011e096000]
 total_blobs=6134 nmethods=5597 adapters=449
 compilation: enabled

Compilation events (10 events):
Event: 542.759 Thread 0x00007fad6b834000 5727       1       java.lang.invoke.MethodHandles::identity (87 bytes)
Event: 542.760 Thread 0x00007fad6b834000 nmethod 5727 0x000000010fad0c50 code [0x000000010fad0ee0, 0x000000010fad1ad8]
Event: 542.761 Thread 0x00007fad6b834000 5728       1       java.lang.invoke.DelegatingMethodHandle::rebind (8 bytes)
Event: 542.761 Thread 0x00007fad6b834000 nmethod 5728 0x000000010fad2950 code [0x000000010fad2ac0, 0x000000010fad2c18]
Event: 542.762 Thread 0x00007fad6b834000 5729       1       java.lang.invoke.SimpleMethodHandle::copyWithExtendL (7 bytes)
Event: 542.762 Thread 0x00007fad6b834000 nmethod 5729 0x000000010fad2c90 code [0x000000010fad2e00, 0x000000010fad2fc8]
Event: 542.763 Thread 0x00007fad6b834000 5730       1       java.lang.invoke.BoundMethodHandle::bindSingle (7 bytes)
Event: 542.764 Thread 0x00007fad6b834000 nmethod 5730 0x000000010fad30d0 code [0x000000010fad3240, 0x000000010fad33e8]
Event: 542.764 Thread 0x00007fad6b834000 5731       1       com.mysql.cj.protocol.a.PacketSplitter::getPacketLen (5 bytes)
Event: 542.764 Thread 0x00007fad6b834000 nmethod 5731 0x000000010fad34d0 code [0x000000010fad3620, 0x000000010fad3730]

GC Heap History (10 events):
Event: 535.358 GC heap after
Heap after GC invocations=243 (full 2):
 PSYoungGen      total 31232K, used 2208K [0x0000000795580000, 0x0000000797880000, 0x00000007c0000000)
  eden space 26624K, 0% used [0x0000000795580000,0x0000000795580000,0x0000000796f80000)
  from space 4608K, 47% used [0x0000000796f80000,0x00000007971a8010,0x0000000797400000)
  to   space 4608K, 0% used [0x0000000797400000,0x0000000797400000,0x0000000797880000)
 ParOldGen       total 86016K, used 45461K [0x0000000740000000, 0x0000000745400000, 0x0000000795580000)
  object space 86016K, 52% used [0x0000000740000000,0x0000000742c65620,0x0000000745400000)
 Metaspace       used 52820K, capacity 56317K, committed 56576K, reserved 1097728K
  class space    used 7265K, capacity 7890K, committed 7936K, reserved 1048576K
}
Event: 536.794 GC heap before
{Heap before GC invocations=244 (full 2):
 PSYoungGen      total 31232K, used 28832K [0x0000000795580000, 0x0000000797880000, 0x00000007c0000000)
  eden space 26624K, 100% used [0x0000000795580000,0x0000000796f80000,0x0000000796f80000)
  from space 4608K, 47% used [0x0000000796f80000,0x00000007971a8010,0x0000000797400000)
  to   space 4608K, 0% used [0x0000000797400000,0x0000000797400000,0x0000000797880000)
 ParOldGen       total 86016K, used 45461K [0x0000000740000000, 0x0000000745400000, 0x0000000795580000)
  object space 86016K, 52% used [0x0000000740000000,0x0000000742c65620,0x0000000745400000)
 Metaspace       used 52820K, capacity 56317K, committed 56576K, reserved 1097728K
  class space    used 7265K, capacity 7890K, committed 7936K, reserved 1048576K
Event: 536.796 GC heap after
Heap after GC invocations=244 (full 2):
 PSYoungGen      total 31232K, used 1008K [0x0000000795580000, 0x0000000797880000, 0x00000007c0000000)
  eden space 26624K, 0% used [0x0000000795580000,0x0000000795580000,0x0000000796f80000)
  from space 4608K, 21% used [0x0000000797400000,0x00000007974fc010,0x0000000797880000)
  to   space 4608K, 0% used [0x0000000796f80000,0x0000000796f80000,0x0000000797400000)
 ParOldGen       total 86016K, used 45461K [0x0000000740000000, 0x0000000745400000, 0x0000000795580000)
  object space 86016K, 52% used [0x0000000740000000,0x0000000742c65620,0x0000000745400000)
 Metaspace       used 52820K, capacity 56317K, committed 56576K, reserved 1097728K
  class space    used 7265K, capacity 7890K, committed 7936K, reserved 1048576K
}
Event: 537.958 GC heap before
{Heap before GC invocations=245 (full 2):
 PSYoungGen      total 31232K, used 27632K [0x0000000795580000, 0x0000000797880000, 0x00000007c0000000)
  eden space 26624K, 100% used [0x0000000795580000,0x0000000796f80000,0x0000000796f80000)
  from space 4608K, 21% used [0x0000000797400000,0x00000007974fc010,0x0000000797880000)
  to   space 4608K, 0% used [0x0000000796f80000,0x0000000796f80000,0x0000000797400000)
 ParOldGen       total 86016K, used 45461K [0x0000000740000000, 0x0000000745400000, 0x0000000795580000)
  object space 86016K, 52% used [0x0000000740000000,0x0000000742c65620,0x0000000745400000)
 Metaspace       used 52820K, capacity 56317K, committed 56576K, reserved 1097728K
  class space    used 7265K, capacity 7890K, committed 7936K, reserved 1048576K
Event: 537.975 GC heap after
Heap after GC invocations=245 (full 2):
 PSYoungGen      total 31232K, used 3008K [0x0000000795580000, 0x0000000797880000, 0x00000007c0000000)
  eden space 26624K, 0% used [0x0000000795580000,0x0000000795580000,0x0000000796f80000)
  from space 4608K, 65% used [0x0000000796f80000,0x0000000797270010,0x0000000797400000)
  to   space 4608K, 0% used [0x0000000797400000,0x0000000797400000,0x0000000797880000)
 ParOldGen       total 86016K, used 45461K [0x0000000740000000, 0x0000000745400000, 0x0000000795580000)
  object space 86016K, 52% used [0x0000000740000000,0x0000000742c65620,0x0000000745400000)
 Metaspace       used 52820K, capacity 56317K, committed 56576K, reserved 1097728K
  class space    used 7265K, capacity 7890K, committed 7936K, reserved 1048576K
}
Event: 539.439 GC heap before
{Heap before GC invocations=246 (full 2):
 PSYoungGen      total 31232K, used 29632K [0x0000000795580000, 0x0000000797880000, 0x00000007c0000000)
  eden space 26624K, 100% used [0x0000000795580000,0x0000000796f80000,0x0000000796f80000)
  from space 4608K, 65% used [0x0000000796f80000,0x0000000797270010,0x0000000797400000)
  to   space 4608K, 0% used [0x0000000797400000,0x0000000797400000,0x0000000797880000)
 ParOldGen       total 86016K, used 45461K [0x0000000740000000, 0x0000000745400000, 0x0000000795580000)
  object space 86016K, 52% used [0x0000000740000000,0x0000000742c65620,0x0000000745400000)
 Metaspace       used 52820K, capacity 56317K, committed 56576K, reserved 1097728K
  class space    used 7265K, capacity 7890K, committed 7936K, reserved 1048576K
Event: 539.443 GC heap after
Heap after GC invocations=246 (full 2):
 PSYoungGen      total 30208K, used 4576K [0x0000000795580000, 0x0000000797a80000, 0x00000007c0000000)
  eden space 25600K, 0% used [0x0000000795580000,0x0000000795580000,0x0000000796e80000)
  from space 4608K, 99% used [0x0000000797400000,0x0000000797878020,0x0000000797880000)
  to   space 5632K, 0% used [0x0000000796e80000,0x0000000796e80000,0x0000000797400000)
 ParOldGen       total 86016K, used 46013K [0x0000000740000000, 0x0000000745400000, 0x0000000795580000)
  object space 86016K, 53% used [0x0000000740000000,0x0000000742cef620,0x0000000745400000)
 Metaspace       used 52820K, capacity 56317K, committed 56576K, reserved 1097728K
  class space    used 7265K, capacity 7890K, committed 7936K, reserved 1048576K
}
Event: 542.766 GC heap before
{Heap before GC invocations=247 (full 2):
 PSYoungGen      total 30208K, used 29647K [0x0000000795580000, 0x0000000797a80000, 0x00000007c0000000)
  eden space 25600K, 97% used [0x0000000795580000,0x0000000796dfbd68,0x0000000796e80000)
  from space 4608K, 99% used [0x0000000797400000,0x0000000797878020,0x0000000797880000)
  to   space 5632K, 0% used [0x0000000796e80000,0x0000000796e80000,0x0000000797400000)
 ParOldGen       total 86016K, used 46013K [0x0000000740000000, 0x0000000745400000, 0x0000000795580000)
  object space 86016K, 53% used [0x0000000740000000,0x0000000742cef620,0x0000000745400000)
 Metaspace       used 52953K, capacity 56505K, committed 56704K, reserved 1097728K
  class space    used 7295K, capacity 7945K, committed 8064K, reserved 1048576K
Event: 542.771 GC heap after
Heap after GC invocations=247 (full 2):
 PSYoungGen      total 31232K, used 5600K [0x0000000795580000, 0x0000000797c80000, 0x00000007c0000000)
  eden space 25600K, 0% used [0x0000000795580000,0x0000000795580000,0x0000000796e80000)
  from space 5632K, 99% used [0x0000000796e80000,0x00000007973f8010,0x0000000797400000)
  to   space 6656K, 0% used [0x0000000797600000,0x0000000797600000,0x0000000797c80000)
 ParOldGen       total 86016K, used 46720K [0x0000000740000000, 0x0000000745400000, 0x0000000795580000)
  object space 86016K, 54% used [0x0000000740000000,0x0000000742da0260,0x0000000745400000)
 Metaspace       used 52953K, capacity 56505K, committed 56704K, reserved 1097728K
  class space    used 7295K, capacity 7945K, committed 8064K, reserved 1048576K
}
Event: 542.771 GC heap before
{Heap before GC invocations=248 (full 3):
 PSYoungGen      total 31232K, used 5600K [0x0000000795580000, 0x0000000797c80000, 0x00000007c0000000)
  eden space 25600K, 0% used [0x0000000795580000,0x0000000795580000,0x0000000796e80000)
  from space 5632K, 99% used [0x0000000796e80000,0x00000007973f8010,0x0000000797400000)
  to   space 6656K, 0% used [0x0000000797600000,0x0000000797600000,0x0000000797c80000)
 ParOldGen       total 86016K, used 46720K [0x0000000740000000, 0x0000000745400000, 0x0000000795580000)
  object space 86016K, 54% used [0x0000000740000000,0x0000000742da0260,0x0000000745400000)
 Metaspace       used 52953K, capacity 56505K, committed 56704K, reserved 1097728K
  class space    used 7295K, capacity 7945K, committed 8064K, reserved 1048576K

Deoptimization events (0 events):
No events

Classes redefined (0 events):
No events

Internal exceptions (10 events):
Event: 433.003 Thread 0x00007fad6c5c0000 Exception <a 'java/lang/ClassNotFoundException': org/springframework/boot/actuate/endpoint/jmx/DataEndpointMBean> (0x0000000796a6c370) thrown at [/Users/java_re/workspace/8-2-build-macosx-x86_64/jdk8u181/11358/hotspot/src/share/vm/classfile/systemDictiona
Event: 433.005 Thread 0x00007fad6c5c0000 Exception <a 'java/lang/ClassNotFoundException': org/springframework/context/support/LiveBeansView> (0x0000000796a8d280) thrown at [/Users/java_re/workspace/8-2-build-macosx-x86_64/jdk8u181/11358/hotspot/src/share/vm/classfile/systemDictionary.cpp, line 2
Event: 433.005 Thread 0x00007fad6c5c0000 Exception <a 'java/lang/ClassNotFoundException': org/springframework/boot/actuate/endpoint/jmx/EndpointMBean> (0x0000000796a98ab8) thrown at [/Users/java_re/workspace/8-2-build-macosx-x86_64/jdk8u181/11358/hotspot/src/share/vm/classfile/systemDictionary.c
Event: 433.005 Thread 0x00007fad6c5c0000 Exception <a 'java/lang/ClassNotFoundException': org/springframework/boot/actuate/endpoint/jmx/DataEndpointMBean> (0x0000000796a99000) thrown at [/Users/java_re/workspace/8-2-build-macosx-x86_64/jdk8u181/11358/hotspot/src/share/vm/classfile/systemDictiona
Event: 433.005 Thread 0x00007fad6c5c0000 Exception <a 'java/lang/ClassNotFoundException': org/springframework/context/support/LiveBeansView> (0x0000000796a99530) thrown at [/Users/java_re/workspace/8-2-build-macosx-x86_64/jdk8u181/11358/hotspot/src/share/vm/classfile/systemDictionary.cpp, line 2
Event: 433.029 Thread 0x00007fad6c5c0000 Exception <a 'java/lang/reflect/InvocationTargetException'> (0x0000000796a9da58) thrown at [/Users/java_re/workspace/8-2-build-macosx-x86_64/jdk8u181/11358/hotspot/src/share/vm/runtime/reflection.cpp, line 1092]
Event: 433.524 Thread 0x00007fad6c5c0000 Exception <a 'java/lang/reflect/InvocationTargetException'> (0x0000000796d00208) thrown at [/Users/java_re/workspace/8-2-build-macosx-x86_64/jdk8u181/11358/hotspot/src/share/vm/runtime/reflection.cpp, line 1092]
Event: 542.709 Thread 0x00007fad6d046000 Exception <a 'java/net/SocketTimeoutException': connect timed out> (0x0000000796c2f4a0) thrown at [/Users/java_re/workspace/8-2-build-macosx-x86_64/jdk8u181/11358/hotspot/src/share/vm/prims/jni.cpp, line 735]
Event: 542.710 Thread 0x00007fad6d133000 Exception <a 'java/io/IOException'> (0x0000000796c4ab30) thrown at [/Users/java_re/workspace/8-2-build-macosx-x86_64/jdk8u181/11358/hotspot/src/share/vm/prims/jni.cpp, line 709]
Event: 542.734 Thread 0x00007fad6ba9f000 Exception <a 'java/lang/InterruptedException': sleep interrupted> (0x0000000796ceb858) thrown at [/Users/java_re/workspace/8-2-build-macosx-x86_64/jdk8u181/11358/hotspot/src/share/vm/prims/jvm.cpp, line 3273]

Events (10 events):
Event: 542.764 Executing VM operation: RevokeBias
Event: 542.764 Executing VM operation: RevokeBias done
Event: 542.764 Executing VM operation: RevokeBias
Event: 542.764 Executing VM operation: RevokeBias done
Event: 542.764 Executing VM operation: RevokeBias
Event: 542.764 Executing VM operation: RevokeBias done
Event: 542.764 Executing VM operation: RevokeBias
Event: 542.764 Executing VM operation: RevokeBias done
Event: 542.764 Thread 0x00007fad6c5d5000 Thread exited: 0x00007fad6c5d5000
Event: 542.766 Executing VM operation: ParallelGCSystemGC


Dynamic libraries:
0x00007fff2fc29000 	/System/Library/Frameworks/Cocoa.framework/Versions/A/Cocoa
0x00007fff3d411000 	/System/Library/Frameworks/Security.framework/Versions/A/Security
0x00007fff2eb90000 	/System/Library/Frameworks/ApplicationServices.framework/Versions/A/ApplicationServices
0x00007fff69ed0000 	/usr/lib/libz.1.dylib
0x00007fff67994000 	/usr/lib/libSystem.B.dylib
0x00007fff697f4000 	/usr/lib/libobjc.A.dylib
0x00007fff30ac9000 	/System/Library/Frameworks/CoreFoundation.framework/Versions/A/CoreFoundation
0x00007fff33183000 	/System/Library/Frameworks/Foundation.framework/Versions/C/Foundation
0x00007fff2dd80000 	/System/Library/Frameworks/AppKit.framework/Versions/C/AppKit
0x00007fff305ad000 	/System/Library/Frameworks/CoreData.framework/Versions/A/CoreData
0x00007fff619af000 	/System/Library/PrivateFrameworks/UIFoundation.framework/Versions/A/UIFoundation
0x00007fff5ca53000 	/System/Library/PrivateFrameworks/RemoteViewServices.framework/Versions/A/RemoteViewServices
0x00007fff64504000 	/System/Library/PrivateFrameworks/XCTTargetBootstrap.framework/Versions/A/XCTTargetBootstrap
0x00007fff30998000 	/System/Library/Frameworks/CoreDisplay.framework/Versions/A/CoreDisplay
0x00007fff3603e000 	/System/Library/Frameworks/Metal.framework/Versions/A/Metal
0x00007fff4aa75000 	/System/Library/PrivateFrameworks/DesktopServicesPriv.framework/Versions/A/DesktopServicesPriv
0x00007fff68acf000 	/usr/lib/liblangid.dylib
0x00007fff49d0d000 	/System/Library/PrivateFrameworks/CoreSVG.framework/Versions/A/CoreSVG
0x00007fff5fbac000 	/System/Library/PrivateFrameworks/SkyLight.framework/Versions/A/SkyLight
0x00007fff30f4a000 	/System/Library/Frameworks/CoreGraphics.framework/Versions/A/CoreGraphics
0x00007fff2c754000 	/System/Library/Frameworks/Accelerate.framework/Versions/A/Accelerate
0x00007fff69dc1000 	/usr/lib/libxml2.2.dylib
0x00007fff559ec000 	/System/Library/PrivateFrameworks/IconServices.framework/Versions/A/IconServices
0x00007fff33962000 	/System/Library/Frameworks/IOSurface.framework/Versions/A/IOSurface
0x00007fff674be000 	/usr/lib/libDiagnosticMessagesClient.dylib
0x00007fff4a8cf000 	/System/Library/PrivateFrameworks/DFRFoundation.framework/Versions/A/DFRFoundation
0x00007fff6885e000 	/usr/lib/libicucore.A.dylib
0x00007fff2eec2000 	/System/Library/Frameworks/AudioToolbox.framework/Versions/A/AudioToolbox
0x00007fff2efa5000 	/System/Library/Frameworks/AudioUnit.framework/Versions/A/AudioUnit
0x00007fff67b96000 	/usr/lib/libauto.dylib
0x00007fff4a971000 	/System/Library/PrivateFrameworks/DataDetectorsCore.framework/Versions/A/DataDetectorsCore
0x00007fff2f74a000 	/System/Library/Frameworks/Carbon.framework/Versions/A/Frameworks/HIToolbox.framework/Versions/A/HIToolbox
0x00007fff3c60e000 	/System/Library/Frameworks/QuartzCore.framework/Versions/A/QuartzCore
0x00007fff2fa89000 	/System/Library/Frameworks/Carbon.framework/Versions/A/Frameworks/SpeechRecognition.framework/Versions/A/SpeechRecognition
0x00007fff4a3e6000 	/System/Library/PrivateFrameworks/CoreUI.framework/Versions/A/CoreUI
0x00007fff30018000 	/System/Library/Frameworks/CoreAudio.framework/Versions/A/CoreAudio
0x00007fff32e44000 	/System/Library/Frameworks/DiskArbitration.framework/Versions/A/DiskArbitration
0x00007fff57a3a000 	/System/Library/PrivateFrameworks/MultitouchSupport.framework/Versions/A/MultitouchSupport
0x00007fff68725000 	/usr/lib/libenergytrace.dylib
0x00007fff338bc000 	/System/Library/Frameworks/IOKit.framework/Versions/A/IOKit
0x00007fff31eb0000 	/System/Library/Frameworks/CoreServices.framework/Versions/A/CoreServices
0x00007fff59be9000 	/System/Library/PrivateFrameworks/PerformanceAnalysis.framework/Versions/A/PerformanceAnalysis
0x00007fff3b641000 	/System/Library/Frameworks/OpenGL.framework/Versions/A/OpenGL
0x00007fff2fc37000 	/System/Library/Frameworks/ColorSync.framework/Versions/A/ColorSync
0x00007fff315cc000 	/System/Library/Frameworks/CoreImage.framework/Versions/A/CoreImage
0x00007fff32923000 	/System/Library/Frameworks/CoreText.framework/Versions/A/CoreText
0x00007fff339f2000 	/System/Library/Frameworks/ImageIO.framework/Versions/A/ImageIO
0x00007fff67c7a000 	/usr/lib/libc++.1.dylib
0x00007fff67cf6000 	/usr/lib/libcompression.dylib
0x00007fff67802000 	/usr/lib/libMobileGestalt.dylib
0x00007fff61724000 	/System/Library/PrivateFrameworks/TextureIO.framework/Versions/A/TextureIO
0x00007fff67af9000 	/usr/lib/libate.dylib
0x00007fff55bf5000 	/System/Library/PrivateFrameworks/InternationalSupport.framework/Versions/A/InternationalSupport
0x00007fff6a790000 	/usr/lib/system/libcache.dylib
0x00007fff6a796000 	/usr/lib/system/libcommonCrypto.dylib
0x00007fff6a7a2000 	/usr/lib/system/libcompiler_rt.dylib
0x00007fff6a7aa000 	/usr/lib/system/libcopyfile.dylib
0x00007fff6a7b4000 	/usr/lib/system/libcorecrypto.dylib
0x00007fff6a953000 	/usr/lib/system/libdispatch.dylib
0x00007fff6a994000 	/usr/lib/system/libdyld.dylib
0x00007fff6a9cb000 	/usr/lib/system/libkeymgr.dylib
0x00007fff6a9d9000 	/usr/lib/system/liblaunch.dylib
0x00007fff6a9da000 	/usr/lib/system/libmacho.dylib
0x00007fff6a9e0000 	/usr/lib/system/libquarantine.dylib
0x00007fff6a9e3000 	/usr/lib/system/libremovefile.dylib
0x00007fff6a9e5000 	/usr/lib/system/libsystem_asl.dylib
0x00007fff6a9fd000 	/usr/lib/system/libsystem_blocks.dylib
0x00007fff6a9fe000 	/usr/lib/system/libsystem_c.dylib
0x00007fff6aa86000 	/usr/lib/system/libsystem_configuration.dylib
0x00007fff6aa8a000 	/usr/lib/system/libsystem_coreservices.dylib
0x00007fff6aa8e000 	/usr/lib/system/libsystem_darwin.dylib
0x00007fff6aa97000 	/usr/lib/system/libsystem_dnssd.dylib
0x00007fff6aa9f000 	/usr/lib/system/libsystem_featureflags.dylib
0x00007fff6aaa1000 	/usr/lib/system/libsystem_info.dylib
0x00007fff6ab1c000 	/usr/lib/system/libsystem_m.dylib
0x00007fff6ab64000 	/usr/lib/system/libsystem_malloc.dylib
0x00007fff6ab8c000 	/usr/lib/system/libsystem_networkextension.dylib
0x00007fff6ab9a000 	/usr/lib/system/libsystem_notify.dylib
0x00007fff6abb8000 	/usr/lib/system/libsystem_sandbox.dylib
0x00007fff6abbd000 	/usr/lib/system/libsystem_secinit.dylib
0x00007fff6aaef000 	/usr/lib/system/libsystem_kernel.dylib
0x00007fff6aba4000 	/usr/lib/system/libsystem_platform.dylib
0x00007fff6abad000 	/usr/lib/system/libsystem_pthread.dylib
0x00007fff6abc0000 	/usr/lib/system/libsystem_symptoms.dylib
0x00007fff6abc8000 	/usr/lib/system/libsystem_trace.dylib
0x00007fff6abe0000 	/usr/lib/system/libunwind.dylib
0x00007fff6abe6000 	/usr/lib/system/libxpc.dylib
0x00007fff67ccd000 	/usr/lib/libc++abi.dylib
0x00007fff68ad1000 	/usr/lib/liblzma.5.dylib
0x00007fff6874c000 	/usr/lib/libfakelink.dylib
0x00007fff67a86000 	/usr/lib/libarchive.2.dylib
0x00007fff3e4c2000 	/System/Library/Frameworks/SystemConfiguration.framework/Versions/A/SystemConfiguration
0x00007fff673f1000 	/usr/lib/libCRFSuite.dylib
0x00007fff2f33b000 	/System/Library/Frameworks/CFNetwork.framework/Versions/A/CFNetwork
0x00007fff67c5c000 	/usr/lib/libbsm.0.dylib
0x00007fff6a9cc000 	/usr/lib/system/libkxld.dylib
0x00007fff4425b000 	/System/Library/PrivateFrameworks/AppleFSCompression.framework/Versions/A/AppleFSCompression
0x00007fff67fe7000 	/usr/lib/libcoretls.dylib
0x00007fff67ffe000 	/usr/lib/libcoretls_cfhelpers.dylib
0x00007fff6983a000 	/usr/lib/libpam.2.dylib
0x00007fff6996f000 	/usr/lib/libsqlite3.dylib
0x00007fff69dae000 	/usr/lib/libxar.1.dylib
0x00007fff67c6d000 	/usr/lib/libbz2.1.0.dylib
0x00007fff6876d000 	/usr/lib/libiconv.2.dylib
0x00007fff67ce3000 	/usr/lib/libcharset.1.dylib
0x00007fff692d7000 	/usr/lib/libnetwork.dylib
0x00007fff69841000 	/usr/lib/libpcap.A.dylib
0x00007fff67a3b000 	/usr/lib/libapple_nghttp2.dylib
0x00007fff32267000 	/System/Library/Frameworks/CoreServices.framework/Versions/A/Frameworks/FSEvents.framework/Versions/A/FSEvents
0x00007fff31f37000 	/System/Library/Frameworks/CoreServices.framework/Versions/A/Frameworks/CarbonCore.framework/Versions/A/CarbonCore
0x00007fff324ab000 	/System/Library/Frameworks/CoreServices.framework/Versions/A/Frameworks/Metadata.framework/Versions/A/Metadata
0x00007fff32544000 	/System/Library/Frameworks/CoreServices.framework/Versions/A/Frameworks/OSServices.framework/Versions/A/OSServices
0x00007fff32572000 	/System/Library/Frameworks/CoreServices.framework/Versions/A/Frameworks/SearchKit.framework/Versions/A/SearchKit
0x00007fff31eb1000 	/System/Library/Frameworks/CoreServices.framework/Versions/A/Frameworks/AE.framework/Versions/A/AE
0x00007fff32270000 	/System/Library/Frameworks/CoreServices.framework/Versions/A/Frameworks/LaunchServices.framework/Versions/A/LaunchServices
0x00007fff32219000 	/System/Library/Frameworks/CoreServices.framework/Versions/A/Frameworks/DictionaryServices.framework/Versions/A/DictionaryServices
0x00007fff325da000 	/System/Library/Frameworks/CoreServices.framework/Versions/A/Frameworks/SharedFileList.framework/Versions/A/SharedFileList
0x00007fff37461000 	/System/Library/Frameworks/NetFS.framework/Versions/A/NetFS
0x00007fff57f6a000 	/System/Library/PrivateFrameworks/NetAuth.framework/Versions/A/NetAuth
0x00007fff648d1000 	/System/Library/PrivateFrameworks/login.framework/Versions/A/Frameworks/loginsupport.framework/Versions/A/loginsupport
0x00007fff611ef000 	/System/Library/PrivateFrameworks/TCC.framework/Versions/A/TCC
0x00007fff48e80000 	/System/Library/PrivateFrameworks/CoreNLP.framework/Versions/A/CoreNLP
0x00007fff57467000 	/System/Library/PrivateFrameworks/MetadataUtilities.framework/Versions/A/MetadataUtilities
0x00007fff68ba9000 	/usr/lib/libmecabra.dylib
0x00007fff68b01000 	/usr/lib/libmecab.dylib
0x00007fff6875d000 	/usr/lib/libgermantok.dylib
0x00007fff67a22000 	/usr/lib/libThaiTokenizer.dylib
0x00007fff67428000 	/usr/lib/libChineseTokenizer.dylib
0x00007fff2c76c000 	/System/Library/Frameworks/Accelerate.framework/Versions/A/Frameworks/vImage.framework/Versions/A/vImage
0x00007fff2dbd6000 	/System/Library/Frameworks/Accelerate.framework/Versions/A/Frameworks/vecLib.framework/Versions/A/vecLib
0x00007fff2db13000 	/System/Library/Frameworks/Accelerate.framework/Versions/A/Frameworks/vecLib.framework/Versions/A/libvMisc.dylib
0x00007fff2d93b000 	/System/Library/Frameworks/Accelerate.framework/Versions/A/Frameworks/vecLib.framework/Versions/A/libvDSP.dylib
0x00007fff2cdc3000 	/System/Library/Frameworks/Accelerate.framework/Versions/A/Frameworks/vecLib.framework/Versions/A/libBLAS.dylib
0x00007fff2d4ff000 	/System/Library/Frameworks/Accelerate.framework/Versions/A/Frameworks/vecLib.framework/Versions/A/libLAPACK.dylib
0x00007fff2d89b000 	/System/Library/Frameworks/Accelerate.framework/Versions/A/Frameworks/vecLib.framework/Versions/A/libLinearAlgebra.dylib
0x00007fff2d928000 	/System/Library/Frameworks/Accelerate.framework/Versions/A/Frameworks/vecLib.framework/Versions/A/libSparseBLAS.dylib
0x00007fff2d8b1000 	/System/Library/Frameworks/Accelerate.framework/Versions/A/Frameworks/vecLib.framework/Versions/A/libQuadrature.dylib
0x00007fff2d02b000 	/System/Library/Frameworks/Accelerate.framework/Versions/A/Frameworks/vecLib.framework/Versions/A/libBNNS.dylib
0x00007fff2d8b7000 	/System/Library/Frameworks/Accelerate.framework/Versions/A/Frameworks/vecLib.framework/Versions/A/libSparse.dylib
0x00007fff55fdd000 	/System/Library/PrivateFrameworks/LanguageModeling.framework/Versions/A/LanguageModeling
0x00007fff48830000 	/System/Library/PrivateFrameworks/CoreEmoji.framework/Versions/A/CoreEmoji
0x00007fff560fb000 	/System/Library/PrivateFrameworks/LinguisticData.framework/Versions/A/LinguisticData
0x00007fff560ac000 	/System/Library/PrivateFrameworks/Lexicon.framework/Versions/A/Lexicon
0x00007fff67ce4000 	/usr/lib/libcmph.dylib
0x00007fff3a04f000 	/System/Library/Frameworks/OpenDirectory.framework/Versions/A/Frameworks/CFOpenDirectory.framework/Versions/A/CFOpenDirectory
0x00007fff3a06c000 	/System/Library/Frameworks/OpenDirectory.framework/Versions/A/OpenDirectory
0x00007fff42491000 	/System/Library/PrivateFrameworks/APFS.framework/Versions/A/APFS
0x00007fff3d75b000 	/System/Library/Frameworks/SecurityFoundation.framework/Versions/A/SecurityFoundation
0x00007fff69daa000 	/usr/lib/libutil.dylib
0x00007fff49d65000 	/System/Library/PrivateFrameworks/CoreServicesStore.framework/Versions/A/CoreServicesStore
0x00007fff3d812000 	/System/Library/Frameworks/ServiceManagement.framework/Versions/A/ServiceManagement
0x00007fff45a2a000 	/System/Library/PrivateFrameworks/BackgroundTaskManagement.framework/Versions/A/BackgroundTaskManagement
0x00007fff69ea7000 	/usr/lib/libxslt.1.dylib
0x00007fff448ce000 	/System/Library/PrivateFrameworks/AppleSystemInfo.framework/Versions/A/AppleSystemInfo
0x00007fff33c0d000 	/System/Library/Frameworks/ImageIO.framework/Versions/A/Resources/libJPEG.dylib
0x00007fff33ec9000 	/System/Library/Frameworks/ImageIO.framework/Versions/A/Resources/libTIFF.dylib
0x00007fff33eac000 	/System/Library/Frameworks/ImageIO.framework/Versions/A/Resources/libPng.dylib
0x00007fff33b4f000 	/System/Library/Frameworks/ImageIO.framework/Versions/A/Resources/libGIF.dylib
0x00007fff33b53000 	/System/Library/Frameworks/ImageIO.framework/Versions/A/Resources/libJP2.dylib
0x00007fff33ec7000 	/System/Library/Frameworks/ImageIO.framework/Versions/A/Resources/libRadiance.dylib
0x00007fff68726000 	/usr/lib/libexpat.1.dylib
0x00007fff443b6000 	/System/Library/PrivateFrameworks/AppleJPEG.framework/Versions/A/AppleJPEG
0x00007fff4d04e000 	/System/Library/PrivateFrameworks/FontServices.framework/libFontParser.dylib
0x00007fff638d6000 	/System/Library/PrivateFrameworks/WatchdogClient.framework/Versions/A/WatchdogClient
0x00007fff55638000 	/System/Library/PrivateFrameworks/IOAccelerator.framework/Versions/A/IOAccelerator
0x00007fff363d9000 	/System/Library/Frameworks/MetalPerformanceShaders.framework/Versions/A/MetalPerformanceShaders
0x00007fff51dcf000 	/System/Library/PrivateFrameworks/GPUWrangler.framework/Versions/A/GPUWrangler
0x00007fff5564d000 	/System/Library/PrivateFrameworks/IOPresentment.framework/Versions/A/IOPresentment
0x00007fff4a8e2000 	/System/Library/PrivateFrameworks/DSExternalDisplay.framework/Versions/A/DSExternalDisplay
0x00007fff3a9e0000 	/System/Library/Frameworks/OpenGL.framework/Versions/A/Libraries/libCoreFSCache.dylib
0x00007fff36125000 	/System/Library/Frameworks/MetalPerformanceShaders.framework/Frameworks/MPSCore.framework/Versions/A/MPSCore
0x00007fff36163000 	/System/Library/Frameworks/MetalPerformanceShaders.framework/Frameworks/MPSImage.framework/Versions/A/MPSImage
0x00007fff3622a000 	/System/Library/Frameworks/MetalPerformanceShaders.framework/Frameworks/MPSNeuralNetwork.framework/Versions/A/MPSNeuralNetwork
0x00007fff361ee000 	/System/Library/Frameworks/MetalPerformanceShaders.framework/Frameworks/MPSMatrix.framework/Versions/A/MPSMatrix
0x00007fff36389000 	/System/Library/Frameworks/MetalPerformanceShaders.framework/Frameworks/MPSRayIntersector.framework/Versions/A/MPSRayIntersector
0x00007fff36214000 	/System/Library/Frameworks/MetalPerformanceShaders.framework/Frameworks/MPSNDArray.framework/Versions/A/MPSNDArray
0x00007fff574b4000 	/System/Library/PrivateFrameworks/MetalTools.framework/Versions/A/MetalTools
0x00007fff43666000 	/System/Library/PrivateFrameworks/AggregateDictionary.framework/Versions/A/AggregateDictionary
0x00007fff4827a000 	/System/Library/PrivateFrameworks/CoreAnalytics.framework/Versions/A/CoreAnalytics
0x00007fff447ed000 	/System/Library/PrivateFrameworks/AppleSauce.framework/Versions/A/AppleSauce
0x00007fff676e4000 	/usr/lib/libIOReport.dylib
0x00007fff32adb000 	/System/Library/Frameworks/CoreVideo.framework/Versions/A/CoreVideo
0x00007fff53249000 	/System/Library/PrivateFrameworks/GraphVisualizer.framework/Versions/A/GraphVisualizer
0x00007fff4c595000 	/System/Library/PrivateFrameworks/FaceCore.framework/Versions/A/FaceCore
0x00007fff39ff6000 	/System/Library/Frameworks/OpenCL.framework/Versions/A/OpenCL
0x00007fff67506000 	/usr/lib/libFosl_dynamic.dylib
0x00007fff5898a000 	/System/Library/PrivateFrameworks/OTSVG.framework/Versions/A/OTSVG
0x00007fff2ec95000 	/System/Library/Frameworks/ApplicationServices.framework/Versions/A/Frameworks/ATS.framework/Versions/A/Resources/libFontRegistry.dylib
0x00007fff4d220000 	/System/Library/PrivateFrameworks/FontServices.framework/libhvf.dylib
0x00007fff3a9eb000 	/System/Library/Frameworks/OpenGL.framework/Versions/A/Libraries/libGFXShared.dylib
0x00007fff3abc9000 	/System/Library/Frameworks/OpenGL.framework/Versions/A/Libraries/libGLU.dylib
0x00007fff3a9f4000 	/System/Library/Frameworks/OpenGL.framework/Versions/A/Libraries/libGL.dylib
0x00007fff3a9ff000 	/System/Library/Frameworks/OpenGL.framework/Versions/A/Libraries/libGLImage.dylib
0x00007fff3a9dd000 	/System/Library/Frameworks/OpenGL.framework/Versions/A/Libraries/libCVMSPluginSupport.dylib
0x00007fff3a9e6000 	/System/Library/Frameworks/OpenGL.framework/Versions/A/Libraries/libCoreVMClient.dylib
0x00007fff69178000 	/usr/lib/libncurses.5.4.dylib
0x00007fff2eb91000 	/System/Library/Frameworks/ApplicationServices.framework/Versions/A/Frameworks/ATS.framework/Versions/A/ATS
0x00007fff2ed5e000 	/System/Library/Frameworks/ApplicationServices.framework/Versions/A/Frameworks/ColorSyncLegacy.framework/Versions/A/ColorSyncLegacy
0x00007fff2edfc000 	/System/Library/Frameworks/ApplicationServices.framework/Versions/A/Frameworks/HIServices.framework/Versions/A/HIServices
0x00007fff2ee54000 	/System/Library/Frameworks/ApplicationServices.framework/Versions/A/Frameworks/LangAnalysis.framework/Versions/A/LangAnalysis
0x00007fff2ee63000 	/System/Library/Frameworks/ApplicationServices.framework/Versions/A/Frameworks/PrintCore.framework/Versions/A/PrintCore
0x00007fff2eea9000 	/System/Library/Frameworks/ApplicationServices.framework/Versions/A/Frameworks/QD.framework/Versions/A/QD
0x00007fff2eeb4000 	/System/Library/Frameworks/ApplicationServices.framework/Versions/A/Frameworks/SpeechSynthesis.framework/Versions/A/SpeechSynthesis
0x00007fff2ed2e000 	/System/Library/Frameworks/ApplicationServices.framework/Versions/A/Frameworks/ATSUI.framework/Versions/A/ATSUI
0x00007fff685bc000 	/usr/lib/libcups.2.dylib
0x00007fff35474000 	/System/Library/Frameworks/Kerberos.framework/Versions/A/Kerberos
0x00007fff335b5000 	/System/Library/Frameworks/GSS.framework/Versions/A/GSS
0x00007fff698fb000 	/usr/lib/libresolv.9.dylib
0x00007fff533f6000 	/System/Library/PrivateFrameworks/Heimdal.framework/Versions/A/Heimdal
0x00007fff35487000 	/System/Library/Frameworks/Kerberos.framework/Versions/A/Libraries/libHeimdalProxy.dylib
0x00007fff68763000 	/usr/lib/libheimdal-asn1.dylib
0x00007fff47715000 	/System/Library/PrivateFrameworks/CommonAuth.framework/Versions/A/CommonAuth
0x00007fff4496b000 	/System/Library/PrivateFrameworks/AssertionServices.framework/Versions/A/AssertionServices
0x00007fff4550d000 	/System/Library/PrivateFrameworks/AudioToolboxCore.framework/Versions/A/AudioToolboxCore
0x00007fff64581000 	/System/Library/PrivateFrameworks/caulk.framework/Versions/A/caulk
0x00007fff45ad6000 	/System/Library/PrivateFrameworks/BaseBoard.framework/Versions/A/BaseBoard
0x00007fff5cbe1000 	/System/Library/PrivateFrameworks/RunningBoardServices.framework/Versions/A/RunningBoardServices
0x00007fff59bf5000 	/System/Library/PrivateFrameworks/PersistentConnection.framework/Versions/A/PersistentConnection
0x00007fff5c5db000 	/System/Library/PrivateFrameworks/ProtocolBuffer.framework/Versions/A/ProtocolBuffer
0x00007fff47739000 	/System/Library/PrivateFrameworks/CommonUtilities.framework/Versions/A/CommonUtilities
0x00007fff45c64000 	/System/Library/PrivateFrameworks/Bom.framework/Versions/A/Bom
0x00007fff673b7000 	/usr/lib/libAudioToolboxUtility.dylib
0x00007fff45a34000 	/System/Library/PrivateFrameworks/Backup.framework/Versions/A/Backup
0x00007fff4a803000 	/System/Library/PrivateFrameworks/CrashReporterSupport.framework/Versions/A/CrashReporterSupport
0x00007fff5e672000 	/System/Library/PrivateFrameworks/Sharing.framework/Versions/A/Sharing
0x00007fff43f79000 	/System/Library/PrivateFrameworks/Apple80211.framework/Versions/A/Apple80211
0x00007fff45751000 	/System/Library/PrivateFrameworks/AuthKit.framework/Versions/A/AuthKit
0x00007fff4a513000 	/System/Library/PrivateFrameworks/CoreUtils.framework/Versions/A/CoreUtils
0x00007fff32b20000 	/System/Library/Frameworks/CoreWLAN.framework/Versions/A/CoreWLAN
0x00007fff33742000 	/System/Library/Frameworks/IOBluetooth.framework/Versions/A/IOBluetooth
0x00007fff577b9000 	/System/Library/PrivateFrameworks/MobileKeyBag.framework/Versions/A/MobileKeyBag
0x00007fff49318000 	/System/Library/PrivateFrameworks/CorePhoneNumbers.framework/Versions/A/CorePhoneNumbers
0x00007fff44369000 	/System/Library/PrivateFrameworks/AppleIDAuthSupport.framework/Versions/A/AppleIDAuthSupport
0x00007fff3746e000 	/System/Library/Frameworks/Network.framework/Versions/A/Network
0x00007fff55e89000 	/System/Library/PrivateFrameworks/KeychainCircle.framework/Versions/A/KeychainCircle
0x00007fff30574000 	/System/Library/Frameworks/CoreBluetooth.framework/Versions/A/CoreBluetooth
0x00007fff606ef000 	/System/Library/PrivateFrameworks/SpeechRecognitionCore.framework/Versions/A/SpeechRecognitionCore
0x0000000107000000 	/Library/Java/JavaVirtualMachines/jdk1.8.0_181.jdk/Contents/Home/jre/lib/server/libjvm.dylib
0x00007fff69c7d000 	/usr/lib/libstdc++.6.dylib
0x0000000106760000 	/Library/Java/JavaVirtualMachines/jdk1.8.0_181.jdk/Contents/Home/jre/lib/libverify.dylib
0x000000010676e000 	/Library/Java/JavaVirtualMachines/jdk1.8.0_181.jdk/Contents/Home/jre/lib/libjava.dylib
0x00000001067ee000 	/Library/Java/JavaVirtualMachines/jdk1.8.0_181.jdk/Contents/Home/jre/lib/libzip.dylib
0x000000010d835000 	/Library/Java/JavaVirtualMachines/jdk1.8.0_181.jdk/Contents/Home/jre/lib/libmanagement.dylib
0x000000010d843000 	/Library/Java/JavaVirtualMachines/jdk1.8.0_181.jdk/Contents/Home/jre/lib/libnet.dylib
0x000000010d85a000 	/Library/Java/JavaVirtualMachines/jdk1.8.0_181.jdk/Contents/Home/jre/lib/libnio.dylib
0x000000010ef29000 	/Library/Java/JavaVirtualMachines/jdk1.8.0_181.jdk/Contents/Home/jre/lib/libsunec.dylib

VM Arguments:
jvm_args: -Dcom.sun.management.jmxremote -Dcom.sun.management.jmxremote.port=52469 -Dcom.sun.management.jmxremote.authenticate=false -Dcom.sun.management.jmxremote.ssl=false -Djava.rmi.server.hostname=localhost -Dspring.jmx.enabled=true -Dspring.application.admin.enabled=true -Djava.security.egd=file:/dev/./urandom -XX:TieredStopAtLevel=1 -Dspring.boot.project.name=DongBa -Dfile.encoding=UTF-8 
java_command: com.cy.DongbaApplication --spring.output.ansi.enabled=always
java_class_path (initial): /Users/mingyuli/Documents/workspace-spring-tool-suite-4-4.8.1.RELEASE/DongBa/target/classes:/Applications/SpringToolSuite4.app/Contents/Eclipse/plugins/org.junit_4.13.0.v20200204-1500.jar:/Applications/SpringToolSuite4.app/Contents/Eclipse/plugins/org.hamcrest.core_1.3.0.v20180420-1519.jar:/Users/mingyuli/.m2/repository/org/springframework/boot/spring-boot-starter-actuator/2.4.1/spring-boot-starter-actuator-2.4.1.jar:/Users/mingyuli/.m2/repository/org/springframework/boot/spring-boot-starter/2.4.1/spring-boot-starter-2.4.1.jar:/Users/mingyuli/.m2/repository/org/springframework/boot/spring-boot-starter-logging/2.4.1/spring-boot-starter-logging-2.4.1.jar:/Users/mingyuli/.m2/repository/ch/qos/logback/logback-classic/1.2.3/logback-classic-1.2.3.jar:/Users/mingyuli/.m2/repository/ch/qos/logback/logback-core/1.2.3/logback-core-1.2.3.jar:/Users/mingyuli/.m2/repository/org/apache/logging/log4j/log4j-to-slf4j/2.13.3/log4j-to-slf4j-2.13.3.jar:/Users/mingyuli/.m2/repository/org/apache/logging/log4j/log4j-api/2.13.3/log4j-api-2.13.3.jar:/Users/mingyuli/.m2/repository/org/slf4j/jul-to-slf4j/1.7.30/jul-to-slf4j-1.7.30.jar:/Users/mingyuli/.m2/repository/jakarta/annotation/jakarta.annotation-api/1.3.5/jakarta.annotation-api-1.3.5.jar:/Users/mingyuli/.m2/repository/org/yaml/snakeyaml/1.27/snakeyaml-1.27.jar:/Users/mingyuli/.m2/repository/org/springframework/boot/spring-boot-actuator-autoconfigure/2.4.1/spring-boot-actuator-autoconfigure-2.4.1.jar:/Users/mingyuli/.m2/repository/org/springframework/boot/spring-boot-actuator/2.4.1/spring-boot-actuator-2.4.1.jar:/Users/mingyuli/.m2/repository/com/fasterxml/jackson/core/jackson-databind/2.11.3/jackson-databind-2.11.3.jar:/Users/mingyuli/.m2/repository/com/fasterxml/jackson/core/jackson-annotations/2.11.3/jackson-annotations-2.11.3.jar:/Users/mingyuli/.m2/repository/com/fasterxml/jackson/core/jackson-core/2.11.3/jackson-core-2.11.3.jar:/Users/mingyuli/.m2/repository/com/fasterxml/jackson/datatype/jackson-datat
Launcher Type: SUN_STANDARD

Environment Variables:
PATH=/usr/bin:/bin:/usr/sbin:/sbin
SHELL=/bin/bash

Signal Handlers:
SIGSEGV: [libjvm.dylib+0x5b6029], sa_mask[0]=11111111011111110111111111111111, sa_flags=SA_ONSTACK|SA_RESTART|SA_SIGINFO
SIGBUS: [libjvm.dylib+0x5b6029], sa_mask[0]=11111111011111110111111111111111, sa_flags=SA_RESTART|SA_SIGINFO
SIGFPE: [libjvm.dylib+0x48b934], sa_mask[0]=11111111011111110111111111111111, sa_flags=SA_RESTART|SA_SIGINFO
SIGPIPE: [libjvm.dylib+0x48b934], sa_mask[0]=11111111011111110111111111111111, sa_flags=SA_RESTART|SA_SIGINFO
SIGXFSZ: [libjvm.dylib+0x48b934], sa_mask[0]=11111111011111110111111111111111, sa_flags=SA_RESTART|SA_SIGINFO
SIGILL: [libjvm.dylib+0x48b934], sa_mask[0]=11111111011111110111111111111111, sa_flags=SA_RESTART|SA_SIGINFO
SIGUSR1: SIG_DFL, sa_mask[0]=00000000000000000000000000000000, sa_flags=none
SIGUSR2: [libjvm.dylib+0x48b452], sa_mask[0]=00100000000000000000000000000000, sa_flags=SA_RESTART|SA_SIGINFO
SIGHUP: [libjvm.dylib+0x489a1d], sa_mask[0]=11111111011111110111111111111111, sa_flags=SA_RESTART|SA_SIGINFO
SIGINT: [libjvm.dylib+0x489a1d], sa_mask[0]=11111111011111110111111111111111, sa_flags=SA_RESTART|SA_SIGINFO
SIGTERM: [libjvm.dylib+0x489a1d], sa_mask[0]=11111111011111110111111111111111, sa_flags=SA_RESTART|SA_SIGINFO
SIGQUIT: [libjvm.dylib+0x489a1d], sa_mask[0]=11111111011111110111111111111111, sa_flags=SA_RESTART|SA_SIGINFO


---------------  S Y S T E M  ---------------

OS:Bsduname:Darwin 19.5.0 Darwin Kernel Version 19.5.0: Tue May 26 20:41:44 PDT 2020; root:xnu-6153.121.2~2/RELEASE_X86_64 x86_64
rlimit: STACK 8192k, CORE 0k, NPROC 1392, NOFILE 10240, AS infinity
load average:19.53 9.42 5.23

CPU:total 4 (initial active 4) (2 cores per cpu, 2 threads per core) family 6 model 142 stepping 9, cmov, cx8, fxsr, mmx, sse, sse2, sse3, ssse3, sse4.1, sse4.2, popcnt, avx, avx2, aes, clmul, erms, 3dnowpref, lzcnt, ht, tsc, tscinvbit, bmi1, bmi2, adx

Memory: 4k page, physical 8388608k(813892k free)

/proc/meminfo:


vm_info: Java HotSpot(TM) 64-Bit Server VM (25.181-b13) for bsd-amd64 JRE (1.8.0_181-b13), built on Jul  7 2018 01:02:31 by "java_re" with gcc 4.2.1 (Based on Apple Inc. build 5658) (LLVM build 2336.11.00)

time: Tue Feb 16 21:54:51 2021
elapsed time: 542 seconds (0d 0h 9m 2s)

