#
# A fatal error has been detected by the Java Runtime Environment:
#
#  SIGSEGV (0xb) at pc=0x0000000110e1ef7a, pid=13184, tid=0x000000000000961f
#
# JRE version: Java(TM) SE Runtime Environment (8.0_181-b13) (build 1.8.0_181-b13)
# Java VM: Java HotSpot(TM) 64-Bit Server VM (25.181-b13 mixed mode bsd-amd64 compressed oops)
# Problematic frame:
# J 4498 C1 org.springframework.boot.devtools.filewatch.FileSnapshot.hashCode()I (49 bytes) @ 0x0000000110e1ef7a [0x0000000110e1ef40+0x3a]
#
# Failed to write core dump. Core dumps have been disabled. To enable core dumping, try "ulimit -c unlimited" before starting Java again
#
# If you would like to submit a bug report, please visit:
#   http://bugreport.java.com/bugreport/crash.jsp
#

---------------  T H R E A D  ---------------

Current thread (0x00007fc3107cf000):  JavaThread "File Watcher" daemon [_thread_in_Java, id=38431, stack(0x000070000be03000,0x000070000bf03000)]

siginfo: si_signo: 11 (SIGSEGV), si_code: 1 (SEGV_MAPERR), si_addr: 0x00000003a96bcb90

Registers:
RAX=0x00000007c065e300, RBX=0x00000001287bf1a0, RCX=0x00000000000000a9, RDX=0x000000079782c448
RSP=0x000070000bf025c0, RBP=0x000070000bf029b0, RSI=0x000000079782c448, RDI=0x00000003a96bcb90
R8 =0x0000000000000064, R9 =0x0000000000000064, R10=0x00000000f2f05fc1, R11=0x0000000000000208
R12=0x0000000000000000, R13=0x000000074377bc60, R14=0x000070000bf028e0, R15=0x00007fc3107cf000
RIP=0x0000000110e1ef7a, EFLAGS=0x0000000000010206, ERR=0x0000000000000004
  TRAPNO=0x000000000000000e

Top of Stack: (sp=0x000070000bf025c0)
0x000070000bf025c0:   0000000742ff4cd8 0000000795647150
0x000070000bf025d0:   000070000bf029b0 0000000110669e84
0x000070000bf025e0:   000070000bf029b0 0000000795647500
0x000070000bf025f0:   000070000bf029b0 0000000110707734
0x000070000bf02600:   0000000742ff4ea0 000000073fe12c4d
0x000070000bf02610:   000000079782b208 0000000742ff4cb0
0x000070000bf02620:   000000079782b208 0000000795645cd8
0x000070000bf02630:   000070000bf029b0 000000011068e7e4
0x000070000bf02640:   0000000797f71d18 0000000795647500
0x000070000bf02650:   0000000795646278 0000000000000000
0x000070000bf02660:   000070000bf029b0 00000001107f5b34
0x000070000bf02670:   000070000bf029b0 00000001107f5074
0x000070000bf02680:   000000079782c448 0000000742f51a60
0x000070000bf02690:   000070000bf026d0 00007fff6aa0e8e3
0x000070000bf026a0:   000070000bf029b0 00000001108b28c4
0x000070000bf026b0:   000001010bf02738 0000000000000002
0x000070000bf026c0:   0000000797fb2bb8 000000011bf12000
0x000070000bf026d0:   000070000bf029b0 0000000110e1c53c
0x000070000bf026e0:   000070000bf029b0 000000011085bd5c
0x000070000bf026f0:   000070000bf029b0 0000000110ddef44
0x000070000bf02700:   00000007c00158b8 00000007c008d310
0x000070000bf02710:   0000000742f51a50 0000000797fb2bb8
0x000070000bf02720:   00000007c00158b8 0000000110f4b9ec
0x000070000bf02730:   000070000bf029b0 0000000110f4ba74
0x000070000bf02740:   000000000000003c 00007fc312335490
0x000070000bf02750:   00007fc3107cf000 000018b321ab845d
0x000070000bf02760:   0000000742f51a50 0000000797fb2ad8
0x000070000bf02770:   00007fc300001c97 00007fc3107cf000
0x000070000bf02780:   000070000bf029b0 0000000110f4e24c
0x000070000bf02790:   000000000700b980 00007fc312335490
0x000070000bf027a0:   0000000000000000 00000001111d0d04
0x000070000bf027b0:   000070000bf029b0 0000000110e1c53c 

Instructions: (pc=0x0000000110e1ef7a)
0x0000000110e1ef5a:   00 00 66 66 66 90 89 84 24 00 c0 fe ff 55 48 83
0x0000000110e1ef6a:   ec 70 8b 7e 20 48 c1 e7 03 8b 7f 10 48 c1 e7 03
0x0000000110e1ef7a:   48 3b 07 48 89 74 24 60 48 8b f7 90 90 e8 34 35
0x0000000110e1ef8a:   83 ff 48 8b 74 24 60 0f be 4e 0c 48 8b 7e 10 48 

Register to memory mapping:

RAX=0x00000007c065e300 is pointing into metadata
RBX={method} {0x00000001287bf1a0} 'hashCode' '()I' in 'org/springframework/boot/devtools/filewatch/FileSnapshot'
RCX=0x00000000000000a9 is an unknown value
RDX=0x000000079782c448 is an oop
org.springframework.boot.devtools.filewatch.FileSnapshot 
 - klass: 'org/springframework/boot/devtools/filewatch/FileSnapshot'
RSP=0x000070000bf025c0 is pointing into the stack for thread: 0x00007fc3107cf000
RBP=0x000070000bf029b0 is pointing into the stack for thread: 0x00007fc3107cf000
RSI=0x000000079782c448 is an oop
org.springframework.boot.devtools.filewatch.FileSnapshot 
 - klass: 'org/springframework/boot/devtools/filewatch/FileSnapshot'
RDI=0x00000003a96bcb90 is an unknown value
R8 =0x0000000000000064 is an unknown value
R9 =0x0000000000000064 is an unknown value
R10=0x00000000f2f05fc1 is an unknown value
R11=0x0000000000000208 is an unknown value
R12=0x0000000000000000 is an unknown value
R13=0x000000074377bc60 is an oop
java.io.File 
 - klass: 'java/io/File'
R14=0x000070000bf028e0 is pointing into the stack for thread: 0x00007fc3107cf000
R15=0x00007fc3107cf000 is a thread


Stack: [0x000070000be03000,0x000070000bf03000],  sp=0x000070000bf025c0,  free space=1021k
Native frames: (J=compiled Java code, j=interpreted, Vv=VM code, C=native code)
J 4498 C1 org.springframework.boot.devtools.filewatch.FileSnapshot.hashCode()I (49 bytes) @ 0x0000000110e1ef7a [0x0000000110e1ef40+0x3a]
J 156 C1 java.util.HashMap.containsKey(Ljava/lang/Object;)Z (18 bytes) @ 0x000000011068e7e4 [0x000000011068e780+0x64]
J 1613 C1 java.util.HashSet.contains(Ljava/lang/Object;)Z (9 bytes) @ 0x00000001108b28c4 [0x00000001108b2880+0x44]
J 4880 C1 java.util.AbstractCollection.containsAll(Ljava/util/Collection;)Z (38 bytes) @ 0x000000011085bd5c [0x000000011085bce0+0x7c]
J 5511 C1 java.util.AbstractSet.equals(Ljava/lang/Object;)Z (48 bytes) @ 0x0000000110f4ba74 [0x0000000110f4b920+0x154]
J 5519 C1 java.util.Collections$UnmodifiableSet.equals(Ljava/lang/Object;)Z (24 bytes) @ 0x0000000110f4e24c [0x0000000110f4e200+0x4c]
J 6860 C1 org.springframework.boot.devtools.filewatch.DirectorySnapshot.equals(Lorg/springframework/boot/devtools/filewatch/DirectorySnapshot;Ljava/io/FileFilter;)Z (46 bytes) @ 0x00000001111d1a8c [0x00000001111d1920+0x16c]
J 6859 C1 org.springframework.boot.devtools.filewatch.FileSystemWatcher$Watcher.isDifferent(Ljava/util/Map;Ljava/util/Map;)Z (105 bytes) @ 0x00000001111d128c [0x00000001111d10a0+0x1ec]
J 7610 C1 org.springframework.boot.devtools.filewatch.FileSystemWatcher$Watcher.scan()V (63 bytes) @ 0x000000011131472c [0x0000000111314680+0xac]
j  org.springframework.boot.devtools.filewatch.FileSystemWatcher$Watcher.run()V+30
j  java.lang.Thread.run()V+11
v  ~StubRoutines::call_stub
V  [libjvm.dylib+0x2efcba]
V  [libjvm.dylib+0x2f045e]
V  [libjvm.dylib+0x2f060a]
V  [libjvm.dylib+0x34aef9]
V  [libjvm.dylib+0x56fa7f]
V  [libjvm.dylib+0x57117a]
V  [libjvm.dylib+0x48e342]
C  [libsystem_pthread.dylib+0x6109]  _pthread_start+0x94
C  [libsystem_pthread.dylib+0x1b8b]  thread_start+0xf
C  0x0000000000000000


---------------  P R O C E S S  ---------------

Java Threads: ( => current thread )
  0x00007fc30eb66000 JavaThread "MySQL Statement Cancellation Timer" daemon [_thread_blocked, id=37675, stack(0x000070000ce33000,0x000070000cf33000)]
  0x00007fc30eb65000 JavaThread "HikariPool-4 housekeeper" daemon [_thread_blocked, id=29223, stack(0x000070000b5eb000,0x000070000b6eb000)]
  0x00007fc30fa7b000 JavaThread "RMI TCP Connection(idle)" daemon [_thread_blocked, id=29459, stack(0x000070000d13c000,0x000070000d23c000)]
  0x00007fc30eb62000 JavaThread "http-nio-80-Acceptor" daemon [_thread_in_native, id=36375, stack(0x000070000cc2d000,0x000070000cd2d000)]
  0x00007fc30eb61800 JavaThread "http-nio-80-ClientPoller" daemon [_thread_in_native, id=26143, stack(0x000070000cb2a000,0x000070000cc2a000)]
  0x00007fc30eb5e800 JavaThread "http-nio-80-exec-10" daemon [_thread_blocked, id=13087, stack(0x000070000ca27000,0x000070000cb27000)]
  0x00007fc30eb5e000 JavaThread "http-nio-80-exec-9" daemon [_thread_blocked, id=26399, stack(0x000070000c924000,0x000070000ca24000)]
  0x00007fc30eb5d000 JavaThread "http-nio-80-exec-8" daemon [_thread_blocked, id=25119, stack(0x000070000c821000,0x000070000c921000)]
  0x00007fc30eb5c800 JavaThread "http-nio-80-exec-7" daemon [_thread_blocked, id=27935, stack(0x000070000c71e000,0x000070000c81e000)]
  0x00007fc30eb5b800 JavaThread "http-nio-80-exec-6" daemon [_thread_blocked, id=21787, stack(0x000070000c61b000,0x000070000c71b000)]
  0x00007fc30eb5b000 JavaThread "http-nio-80-exec-5" daemon [_thread_blocked, id=27167, stack(0x000070000c518000,0x000070000c618000)]
  0x00007fc30eb5a000 JavaThread "http-nio-80-exec-4" daemon [_thread_blocked, id=16419, stack(0x000070000c415000,0x000070000c515000)]
  0x00007fc30eaa3000 JavaThread "http-nio-80-exec-3" daemon [_thread_blocked, id=25631, stack(0x000070000c312000,0x000070000c412000)]
  0x00007fc30eaa2000 JavaThread "http-nio-80-exec-2" daemon [_thread_blocked, id=39199, stack(0x000070000c10c000,0x000070000c20c000)]
  0x00007fc30f2c2800 JavaThread "http-nio-80-exec-1" daemon [_thread_blocked, id=38943, stack(0x000070000c009000,0x000070000c109000)]
  0x00007fc30f2c2000 JavaThread "http-nio-80-BlockPoller" daemon [_thread_in_native, id=41247, stack(0x000070000bf06000,0x000070000c006000)]
=>0x00007fc3107cf000 JavaThread "File Watcher" daemon [_thread_in_Java, id=38431, stack(0x000070000be03000,0x000070000bf03000)]
  0x00007fc30eaa1800 JavaThread "container-0" [_thread_blocked, id=36667, stack(0x000070000bbfd000,0x000070000bcfd000)]
  0x00007fc30eaa8800 JavaThread "Catalina-utility-2" [_thread_blocked, id=39971, stack(0x000070000b8f4000,0x000070000b9f4000)]
  0x00007fc30ea50000 JavaThread "Catalina-utility-1" [_thread_blocked, id=30531, stack(0x000070000b7f1000,0x000070000b8f1000)]
  0x00007fc31072b000 JavaThread "JMX server connection timeout 116" daemon [_thread_blocked, id=29703, stack(0x000070000b3e5000,0x000070000b4e5000)]
  0x00007fc31042b000 JavaThread "DestroyJavaVM" [_thread_blocked, id=4099, stack(0x000070000a1ac000,0x000070000a2ac000)]
  0x00007fc30fa14800 JavaThread "Live Reload Server" daemon [_thread_in_native, id=40199, stack(0x000070000c20f000,0x000070000c30f000)]
  0x00007fc30f9e4000 JavaThread "mysql-cj-abandoned-connection-cleanup" daemon [_thread_blocked, id=24067, stack(0x000070000bd00000,0x000070000be00000)]
  0x00007fc310280000 JavaThread "RMI TCP Connection(26)-127.0.0.1" daemon [_thread_in_native, id=23299, stack(0x000070000bafa000,0x000070000bbfa000)]
  0x00007fc30f999000 JavaThread "Attach Listener" daemon [_thread_blocked, id=42763, stack(0x000070000b9f7000,0x000070000baf7000)]
  0x00007fc30f31b800 JavaThread "JMX server connection timeout 16" daemon [_thread_blocked, id=22019, stack(0x000070000b6ee000,0x000070000b7ee000)]
  0x00007fc30f292800 JavaThread "RMI Scheduler(0)" daemon [_thread_blocked, id=16899, stack(0x000070000b4e8000,0x000070000b5e8000)]
  0x00007fc310190800 JavaThread "RMI TCP Accept-0" daemon [_thread_in_native, id=17923, stack(0x000070000b1df000,0x000070000b2df000)]
  0x00007fc30f949800 JavaThread "RMI TCP Accept-60179" daemon [_thread_in_native, id=18435, stack(0x000070000b0dc000,0x000070000b1dc000)]
  0x00007fc31018f800 JavaThread "RMI TCP Accept-0" daemon [_thread_in_native, id=15875, stack(0x000070000afd9000,0x000070000b0d9000)]
  0x00007fc30f85d800 JavaThread "Service Thread" daemon [_thread_blocked, id=19203, stack(0x000070000aed6000,0x000070000afd6000)]
  0x00007fc30f054000 JavaThread "C1 CompilerThread2" daemon [_thread_blocked, id=15619, stack(0x000070000add3000,0x000070000aed3000)]
  0x00007fc30f053800 JavaThread "C2 CompilerThread1" daemon [_thread_blocked, id=15363, stack(0x000070000acd0000,0x000070000add0000)]
  0x00007fc30f821800 JavaThread "C2 CompilerThread0" daemon [_thread_blocked, id=19971, stack(0x000070000abcd000,0x000070000accd000)]
  0x00007fc30f821000 JavaThread "Signal Dispatcher" daemon [_thread_blocked, id=14595, stack(0x000070000aaca000,0x000070000abca000)]
  0x00007fc30f03b000 JavaThread "Finalizer" daemon [_thread_blocked, id=11523, stack(0x000070000a8c1000,0x000070000a9c1000)]
  0x00007fc30f03a800 JavaThread "Reference Handler" daemon [_thread_blocked, id=11267, stack(0x000070000a7be000,0x000070000a8be000)]

Other Threads:
  0x00007fc30f81b000 VMThread [stack: 0x000070000a6bb000,0x000070000a7bb000] [id=11011]
  0x00007fc310191000 WatcherThread [stack: 0x000070000b2e2000,0x000070000b3e2000] [id=16131]

VM state:not at safepoint (normal execution)

VM Mutex/Monitor currently owned by a thread: None

Heap:
 PSYoungGen      total 65024K, used 47639K [0x0000000795580000, 0x0000000799e80000, 0x00000007c0000000)
  eden space 61440K, 72% used [0x0000000795580000,0x00000007980bdda8,0x0000000799180000)
  from space 3584K, 93% used [0x0000000799280000,0x00000007995c8010,0x0000000799600000)
  to   space 6656K, 0% used [0x0000000799800000,0x0000000799800000,0x0000000799e80000)
 ParOldGen       total 88064K, used 60092K [0x0000000740000000, 0x0000000745600000, 0x0000000795580000)
  object space 88064K, 68% used [0x0000000740000000,0x0000000743aaf380,0x0000000745600000)
 Metaspace       used 55762K, capacity 60244K, committed 60544K, reserved 1101824K
  class space    used 7669K, capacity 8470K, committed 8576K, reserved 1048576K

Card table byte_map: [0x000000011f912000,0x000000011fd13000] byte_map_base: 0x000000011bf12000

Marking Bits: (ParMarkBitMap*) 0x000000010faf9cd0
 Begin Bits: [0x000000011ffbe000, 0x0000000121fbe000)
 End Bits:   [0x0000000121fbe000, 0x0000000123fbe000)

Polling page: 0x000000010e94e000

CodeCache: size=245760Kb used=18492Kb max_used=18492Kb free=227267Kb
 bounds [0x0000000110552000, 0x0000000111772000, 0x000000011f552000]
 total_blobs=10407 nmethods=9867 adapters=452
 compilation: enabled

Compilation events (10 events):
Event: 1159.564 Thread 0x00007fc30f054000 9999       1       org.springframework.web.method.HandlerMethod::getBean (5 bytes)
Event: 1159.564 Thread 0x00007fc30f054000 nmethod 9999 0x0000000111762c90 code [0x0000000111762de0, 0x0000000111762ef0]
Event: 1159.569 Thread 0x00007fc30f054000 10000   !   1       org.apache.ibatis.io.ClassLoaderWrapper::classForName (84 bytes)
Event: 1159.570 Thread 0x00007fc30f054000 nmethod 10000 0x0000000111762f50 code [0x0000000111763100, 0x0000000111763568]
Event: 1159.571 Thread 0x00007fc30f054000 10001       1       org.springframework.boot.actuate.metrics.web.servlet.LongTaskTimingHandlerInterceptor$LongTaskTimingContext::get (13 bytes)
Event: 1159.571 Thread 0x00007fc30f054000 nmethod 10001 0x00000001117638d0 code [0x0000000111763a40, 0x0000000111763b88]
Event: 1159.571 Thread 0x00007fc30f054000 10002       1       org.apache.catalina.connector.Request::getRemoteAddr (40 bytes)
Event: 1159.573 Thread 0x00007fc30f054000 nmethod 10002 0x0000000111763c10 code [0x0000000111763d80, 0x0000000111763f38]
Event: 1159.574 Thread 0x00007fc30f054000 10003       1       org.apache.shiro.web.servlet.AdviceFilter::afterCompletion (1 bytes)
Event: 1159.574 Thread 0x00007fc30f054000 nmethod 10003 0x0000000111764050 code [0x00000001117641a0, 0x00000001117642b0]

GC Heap History (10 events):
Event: 1172.074 GC heap before
{Heap before GC invocations=608 (full 9):
 PSYoungGen      total 74752K, used 69872K [0x0000000795580000, 0x000000079a780000, 0x00000007c0000000)
  eden space 68608K, 100% used [0x0000000795580000,0x0000000799880000,0x0000000799880000)
  from space 6144K, 20% used [0x000000079a180000,0x000000079a2bc010,0x000000079a780000)
  to   space 7680K, 0% used [0x0000000799880000,0x0000000799880000,0x000000079a000000)
 ParOldGen       total 88064K, used 59949K [0x0000000740000000, 0x0000000745600000, 0x0000000795580000)
  object space 88064K, 68% used [0x0000000740000000,0x0000000743a8b590,0x0000000745600000)
 Metaspace       used 55762K, capacity 60244K, committed 60544K, reserved 1101824K
  class space    used 7669K, capacity 8470K, committed 8576K, reserved 1048576K
Event: 1172.080 GC heap after
Heap after GC invocations=608 (full 9):
 PSYoungGen      total 70656K, used 3200K [0x0000000795580000, 0x000000079a500000, 0x00000007c0000000)
  eden space 67072K, 0% used [0x0000000795580000,0x0000000795580000,0x0000000799700000)
  from space 3584K, 89% used [0x0000000799880000,0x0000000799ba0010,0x0000000799c00000)
  to   space 7168K, 0% used [0x0000000799e00000,0x0000000799e00000,0x000000079a500000)
 ParOldGen       total 88064K, used 59949K [0x0000000740000000, 0x0000000745600000, 0x0000000795580000)
  object space 88064K, 68% used [0x0000000740000000,0x0000000743a8b590,0x0000000745600000)
 Metaspace       used 55762K, capacity 60244K, committed 60544K, reserved 1101824K
  class space    used 7669K, capacity 8470K, committed 8576K, reserved 1048576K
}
Event: 1174.806 GC heap before
{Heap before GC invocations=609 (full 9):
 PSYoungGen      total 70656K, used 70272K [0x0000000795580000, 0x000000079a500000, 0x00000007c0000000)
  eden space 67072K, 100% used [0x0000000795580000,0x0000000799700000,0x0000000799700000)
  from space 3584K, 89% used [0x0000000799880000,0x0000000799ba0010,0x0000000799c00000)
  to   space 7168K, 0% used [0x0000000799e00000,0x0000000799e00000,0x000000079a500000)
 ParOldGen       total 88064K, used 59949K [0x0000000740000000, 0x0000000745600000, 0x0000000795580000)
  object space 88064K, 68% used [0x0000000740000000,0x0000000743a8b590,0x0000000745600000)
 Metaspace       used 55762K, capacity 60244K, committed 60544K, reserved 1101824K
  class space    used 7669K, capacity 8470K, committed 8576K, reserved 1048576K
Event: 1174.810 GC heap after
Heap after GC invocations=609 (full 9):
 PSYoungGen      total 71168K, used 1824K [0x0000000795580000, 0x000000079a380000, 0x00000007c0000000)
  eden space 65536K, 0% used [0x0000000795580000,0x0000000795580000,0x0000000799580000)
  from space 5632K, 32% used [0x0000000799e00000,0x0000000799fc8010,0x000000079a380000)
  to   space 7168K, 0% used [0x0000000799580000,0x0000000799580000,0x0000000799c80000)
 ParOldGen       total 88064K, used 59997K [0x0000000740000000, 0x0000000745600000, 0x0000000795580000)
  object space 88064K, 68% used [0x0000000740000000,0x0000000743a974e0,0x0000000745600000)
 Metaspace       used 55762K, capacity 60244K, committed 60544K, reserved 1101824K
  class space    used 7669K, capacity 8470K, committed 8576K, reserved 1048576K
}
Event: 1176.736 GC heap before
{Heap before GC invocations=610 (full 9):
 PSYoungGen      total 71168K, used 67360K [0x0000000795580000, 0x000000079a380000, 0x00000007c0000000)
  eden space 65536K, 100% used [0x0000000795580000,0x0000000799580000,0x0000000799580000)
  from space 5632K, 32% used [0x0000000799e00000,0x0000000799fc8010,0x000000079a380000)
  to   space 7168K, 0% used [0x0000000799580000,0x0000000799580000,0x0000000799c80000)
 ParOldGen       total 88064K, used 59997K [0x0000000740000000, 0x0000000745600000, 0x0000000795580000)
  object space 88064K, 68% used [0x0000000740000000,0x0000000743a974e0,0x0000000745600000)
 Metaspace       used 55762K, capacity 60244K, committed 60544K, reserved 1101824K
  class space    used 7669K, capacity 8470K, committed 8576K, reserved 1048576K
Event: 1176.740 GC heap after
Heap after GC invocations=610 (full 9):
 PSYoungGen      total 67584K, used 3424K [0x0000000795580000, 0x000000079a100000, 0x00000007c0000000)
  eden space 64000K, 0% used [0x0000000795580000,0x0000000795580000,0x0000000799400000)
  from space 3584K, 95% used [0x0000000799580000,0x00000007998d8010,0x0000000799900000)
  to   space 6656K, 0% used [0x0000000799a80000,0x0000000799a80000,0x000000079a100000)
 ParOldGen       total 88064K, used 60060K [0x0000000740000000, 0x0000000745600000, 0x0000000795580000)
  object space 88064K, 68% used [0x0000000740000000,0x0000000743aa7380,0x0000000745600000)
 Metaspace       used 55762K, capacity 60244K, committed 60544K, reserved 1101824K
  class space    used 7669K, capacity 8470K, committed 8576K, reserved 1048576K
}
Event: 1179.246 GC heap before
{Heap before GC invocations=611 (full 9):
 PSYoungGen      total 67584K, used 67424K [0x0000000795580000, 0x000000079a100000, 0x00000007c0000000)
  eden space 64000K, 100% used [0x0000000795580000,0x0000000799400000,0x0000000799400000)
  from space 3584K, 95% used [0x0000000799580000,0x00000007998d8010,0x0000000799900000)
  to   space 6656K, 0% used [0x0000000799a80000,0x0000000799a80000,0x000000079a100000)
 ParOldGen       total 88064K, used 60060K [0x0000000740000000, 0x0000000745600000, 0x0000000795580000)
  object space 88064K, 68% used [0x0000000740000000,0x0000000743aa7380,0x0000000745600000)
 Metaspace       used 55762K, capacity 60244K, committed 60544K, reserved 1101824K
  class space    used 7669K, capacity 8470K, committed 8576K, reserved 1048576K
Event: 1179.251 GC heap after
Heap after GC invocations=611 (full 9):
 PSYoungGen      total 67584K, used 1888K [0x0000000795580000, 0x0000000799f80000, 0x00000007c0000000)
  eden space 62464K, 0% used [0x0000000795580000,0x0000000795580000,0x0000000799280000)
  from space 5120K, 36% used [0x0000000799a80000,0x0000000799c58010,0x0000000799f80000)
  to   space 6656K, 0% used [0x0000000799280000,0x0000000799280000,0x0000000799900000)
 ParOldGen       total 88064K, used 60060K [0x0000000740000000, 0x0000000745600000, 0x0000000795580000)
  object space 88064K, 68% used [0x0000000740000000,0x0000000743aa7380,0x0000000745600000)
 Metaspace       used 55762K, capacity 60244K, committed 60544K, reserved 1101824K
  class space    used 7669K, capacity 8470K, committed 8576K, reserved 1048576K
}
Event: 1180.935 GC heap before
{Heap before GC invocations=612 (full 9):
 PSYoungGen      total 67584K, used 64352K [0x0000000795580000, 0x0000000799f80000, 0x00000007c0000000)
  eden space 62464K, 100% used [0x0000000795580000,0x0000000799280000,0x0000000799280000)
  from space 5120K, 36% used [0x0000000799a80000,0x0000000799c58010,0x0000000799f80000)
  to   space 6656K, 0% used [0x0000000799280000,0x0000000799280000,0x0000000799900000)
 ParOldGen       total 88064K, used 60060K [0x0000000740000000, 0x0000000745600000, 0x0000000795580000)
  object space 88064K, 68% used [0x0000000740000000,0x0000000743aa7380,0x0000000745600000)
 Metaspace       used 55762K, capacity 60244K, committed 60544K, reserved 1101824K
  class space    used 7669K, capacity 8470K, committed 8576K, reserved 1048576K
Event: 1180.939 GC heap after
Heap after GC invocations=612 (full 9):
 PSYoungGen      total 65024K, used 3360K [0x0000000795580000, 0x0000000799e80000, 0x00000007c0000000)
  eden space 61440K, 0% used [0x0000000795580000,0x0000000795580000,0x0000000799180000)
  from space 3584K, 93% used [0x0000000799280000,0x00000007995c8010,0x0000000799600000)
  to   space 6656K, 0% used [0x0000000799800000,0x0000000799800000,0x0000000799e80000)
 ParOldGen       total 88064K, used 60092K [0x0000000740000000, 0x0000000745600000, 0x0000000795580000)
  object space 88064K, 68% used [0x0000000740000000,0x0000000743aaf380,0x0000000745600000)
 Metaspace       used 55762K, capacity 60244K, committed 60544K, reserved 1101824K
  class space    used 7669K, capacity 8470K, committed 8576K, reserved 1048576K
}

Deoptimization events (0 events):
No events

Classes redefined (0 events):
No events

Internal exceptions (10 events):
Event: 1072.167 Thread 0x00007fc30eb5b800 Exception <a 'java/lang/ArrayIndexOutOfBoundsException'> (0x0000000796933da0) thrown at [/Users/java_re/workspace/8-2-build-macosx-x86_64/jdk8u181/11358/hotspot/src/share/vm/runtime/sharedRuntime.cpp, line 605]
Event: 1072.168 Thread 0x00007fc30eb5b800 Exception <a 'java/lang/ClassNotFoundException': com/cy/sys/entity/SysRoleCustomizer> (0x000000079694c9e8) thrown at [/Users/java_re/workspace/8-2-build-macosx-x86_64/jdk8u181/11358/hotspot/src/share/vm/classfile/systemDictionary.cpp, line 210]
Event: 1076.936 Thread 0x00007fc30eaa3000 Exception <a 'java/lang/ArrayIndexOutOfBoundsException'> (0x0000000798fae280) thrown at [/Users/java_re/workspace/8-2-build-macosx-x86_64/jdk8u181/11358/hotspot/src/share/vm/runtime/sharedRuntime.cpp, line 605]
Event: 1080.042 Thread 0x00007fc30eb5c800 Exception <a 'java/lang/ArrayIndexOutOfBoundsException'> (0x0000000797472818) thrown at [/Users/java_re/workspace/8-2-build-macosx-x86_64/jdk8u181/11358/hotspot/src/share/vm/runtime/sharedRuntime.cpp, line 605]
Event: 1080.072 Thread 0x00007fc30eb5c800 Exception <a 'java/lang/ArrayIndexOutOfBoundsException'> (0x000000079749e0c0) thrown at [/Users/java_re/workspace/8-2-build-macosx-x86_64/jdk8u181/11358/hotspot/src/share/vm/runtime/sharedRuntime.cpp, line 605]
Event: 1080.072 Thread 0x00007fc30eb5c800 Exception <a 'java/lang/ArrayIndexOutOfBoundsException'> (0x00000007974a08a0) thrown at [/Users/java_re/workspace/8-2-build-macosx-x86_64/jdk8u181/11358/hotspot/src/share/vm/runtime/sharedRuntime.cpp, line 605]
Event: 1080.072 Thread 0x00007fc30eb5c800 Exception <a 'java/lang/ArrayIndexOutOfBoundsException'> (0x00000007974a2700) thrown at [/Users/java_re/workspace/8-2-build-macosx-x86_64/jdk8u181/11358/hotspot/src/share/vm/runtime/sharedRuntime.cpp, line 605]
Event: 1128.280 Thread 0x00007fc30eaa3000 Exception <a 'java/lang/ArrayIndexOutOfBoundsException'> (0x000000079726cd48) thrown at [/Users/java_re/workspace/8-2-build-macosx-x86_64/jdk8u181/11358/hotspot/src/share/vm/runtime/sharedRuntime.cpp, line 605]
Event: 1130.769 Thread 0x00007fc30eaa2000 Exception <a 'java/lang/ArrayIndexOutOfBoundsException'> (0x000000079689ac30) thrown at [/Users/java_re/workspace/8-2-build-macosx-x86_64/jdk8u181/11358/hotspot/src/share/vm/runtime/sharedRuntime.cpp, line 605]
Event: 1132.406 Thread 0x00007fc30eb5b000 Exception <a 'java/lang/ArrayIndexOutOfBoundsException'> (0x00000007994654f8) thrown at [/Users/java_re/workspace/8-2-build-macosx-x86_64/jdk8u181/11358/hotspot/src/share/vm/runtime/sharedRuntime.cpp, line 605]

Events (10 events):
Event: 1172.074 Executing VM operation: ParallelGCFailedAllocation
Event: 1172.080 Executing VM operation: ParallelGCFailedAllocation done
Event: 1174.805 Executing VM operation: ParallelGCFailedAllocation
Event: 1174.810 Executing VM operation: ParallelGCFailedAllocation done
Event: 1176.735 Executing VM operation: ParallelGCFailedAllocation
Event: 1176.740 Executing VM operation: ParallelGCFailedAllocation done
Event: 1179.246 Executing VM operation: ParallelGCFailedAllocation
Event: 1179.251 Executing VM operation: ParallelGCFailedAllocation done
Event: 1180.935 Executing VM operation: ParallelGCFailedAllocation
Event: 1180.939 Executing VM operation: ParallelGCFailedAllocation done


Dynamic libraries:
0x00007fff2fc29000 	/System/Library/Frameworks/Cocoa.framework/Versions/A/Cocoa
0x00007fff3d411000 	/System/Library/Frameworks/Security.framework/Versions/A/Security
0x00007fff2eb90000 	/System/Library/Frameworks/ApplicationServices.framework/Versions/A/ApplicationServices
0x00007fff69ed0000 	/usr/lib/libz.1.dylib
0x00007fff67994000 	/usr/lib/libSystem.B.dylib
0x00007fff697f4000 	/usr/lib/libobjc.A.dylib
0x00007fff30ac9000 	/System/Library/Frameworks/CoreFoundation.framework/Versions/A/CoreFoundation
0x00007fff33183000 	/System/Library/Frameworks/Foundation.framework/Versions/C/Foundation
0x00007fff2dd80000 	/System/Library/Frameworks/AppKit.framework/Versions/C/AppKit
0x00007fff305ad000 	/System/Library/Frameworks/CoreData.framework/Versions/A/CoreData
0x00007fff619af000 	/System/Library/PrivateFrameworks/UIFoundation.framework/Versions/A/UIFoundation
0x00007fff5ca53000 	/System/Library/PrivateFrameworks/RemoteViewServices.framework/Versions/A/RemoteViewServices
0x00007fff64504000 	/System/Library/PrivateFrameworks/XCTTargetBootstrap.framework/Versions/A/XCTTargetBootstrap
0x00007fff30998000 	/System/Library/Frameworks/CoreDisplay.framework/Versions/A/CoreDisplay
0x00007fff3603e000 	/System/Library/Frameworks/Metal.framework/Versions/A/Metal
0x00007fff4aa75000 	/System/Library/PrivateFrameworks/DesktopServicesPriv.framework/Versions/A/DesktopServicesPriv
0x00007fff68acf000 	/usr/lib/liblangid.dylib
0x00007fff49d0d000 	/System/Library/PrivateFrameworks/CoreSVG.framework/Versions/A/CoreSVG
0x00007fff5fbac000 	/System/Library/PrivateFrameworks/SkyLight.framework/Versions/A/SkyLight
0x00007fff30f4a000 	/System/Library/Frameworks/CoreGraphics.framework/Versions/A/CoreGraphics
0x00007fff2c754000 	/System/Library/Frameworks/Accelerate.framework/Versions/A/Accelerate
0x00007fff69dc1000 	/usr/lib/libxml2.2.dylib
0x00007fff559ec000 	/System/Library/PrivateFrameworks/IconServices.framework/Versions/A/IconServices
0x00007fff33962000 	/System/Library/Frameworks/IOSurface.framework/Versions/A/IOSurface
0x00007fff674be000 	/usr/lib/libDiagnosticMessagesClient.dylib
0x00007fff4a8cf000 	/System/Library/PrivateFrameworks/DFRFoundation.framework/Versions/A/DFRFoundation
0x00007fff6885e000 	/usr/lib/libicucore.A.dylib
0x00007fff2eec2000 	/System/Library/Frameworks/AudioToolbox.framework/Versions/A/AudioToolbox
0x00007fff2efa5000 	/System/Library/Frameworks/AudioUnit.framework/Versions/A/AudioUnit
0x00007fff67b96000 	/usr/lib/libauto.dylib
0x00007fff4a971000 	/System/Library/PrivateFrameworks/DataDetectorsCore.framework/Versions/A/DataDetectorsCore
0x00007fff2f74a000 	/System/Library/Frameworks/Carbon.framework/Versions/A/Frameworks/HIToolbox.framework/Versions/A/HIToolbox
0x00007fff3c60e000 	/System/Library/Frameworks/QuartzCore.framework/Versions/A/QuartzCore
0x00007fff2fa89000 	/System/Library/Frameworks/Carbon.framework/Versions/A/Frameworks/SpeechRecognition.framework/Versions/A/SpeechRecognition
0x00007fff4a3e6000 	/System/Library/PrivateFrameworks/CoreUI.framework/Versions/A/CoreUI
0x00007fff30018000 	/System/Library/Frameworks/CoreAudio.framework/Versions/A/CoreAudio
0x00007fff32e44000 	/System/Library/Frameworks/DiskArbitration.framework/Versions/A/DiskArbitration
0x00007fff57a3a000 	/System/Library/PrivateFrameworks/MultitouchSupport.framework/Versions/A/MultitouchSupport
0x00007fff68725000 	/usr/lib/libenergytrace.dylib
0x00007fff338bc000 	/System/Library/Frameworks/IOKit.framework/Versions/A/IOKit
0x00007fff31eb0000 	/System/Library/Frameworks/CoreServices.framework/Versions/A/CoreServices
0x00007fff59be9000 	/System/Library/PrivateFrameworks/PerformanceAnalysis.framework/Versions/A/PerformanceAnalysis
0x00007fff3b641000 	/System/Library/Frameworks/OpenGL.framework/Versions/A/OpenGL
0x00007fff2fc37000 	/System/Library/Frameworks/ColorSync.framework/Versions/A/ColorSync
0x00007fff315cc000 	/System/Library/Frameworks/CoreImage.framework/Versions/A/CoreImage
0x00007fff32923000 	/System/Library/Frameworks/CoreText.framework/Versions/A/CoreText
0x00007fff339f2000 	/System/Library/Frameworks/ImageIO.framework/Versions/A/ImageIO
0x00007fff67c7a000 	/usr/lib/libc++.1.dylib
0x00007fff67cf6000 	/usr/lib/libcompression.dylib
0x00007fff67802000 	/usr/lib/libMobileGestalt.dylib
0x00007fff61724000 	/System/Library/PrivateFrameworks/TextureIO.framework/Versions/A/TextureIO
0x00007fff67af9000 	/usr/lib/libate.dylib
0x00007fff55bf5000 	/System/Library/PrivateFrameworks/InternationalSupport.framework/Versions/A/InternationalSupport
0x00007fff6a790000 	/usr/lib/system/libcache.dylib
0x00007fff6a796000 	/usr/lib/system/libcommonCrypto.dylib
0x00007fff6a7a2000 	/usr/lib/system/libcompiler_rt.dylib
0x00007fff6a7aa000 	/usr/lib/system/libcopyfile.dylib
0x00007fff6a7b4000 	/usr/lib/system/libcorecrypto.dylib
0x00007fff6a953000 	/usr/lib/system/libdispatch.dylib
0x00007fff6a994000 	/usr/lib/system/libdyld.dylib
0x00007fff6a9cb000 	/usr/lib/system/libkeymgr.dylib
0x00007fff6a9d9000 	/usr/lib/system/liblaunch.dylib
0x00007fff6a9da000 	/usr/lib/system/libmacho.dylib
0x00007fff6a9e0000 	/usr/lib/system/libquarantine.dylib
0x00007fff6a9e3000 	/usr/lib/system/libremovefile.dylib
0x00007fff6a9e5000 	/usr/lib/system/libsystem_asl.dylib
0x00007fff6a9fd000 	/usr/lib/system/libsystem_blocks.dylib
0x00007fff6a9fe000 	/usr/lib/system/libsystem_c.dylib
0x00007fff6aa86000 	/usr/lib/system/libsystem_configuration.dylib
0x00007fff6aa8a000 	/usr/lib/system/libsystem_coreservices.dylib
0x00007fff6aa8e000 	/usr/lib/system/libsystem_darwin.dylib
0x00007fff6aa97000 	/usr/lib/system/libsystem_dnssd.dylib
0x00007fff6aa9f000 	/usr/lib/system/libsystem_featureflags.dylib
0x00007fff6aaa1000 	/usr/lib/system/libsystem_info.dylib
0x00007fff6ab1c000 	/usr/lib/system/libsystem_m.dylib
0x00007fff6ab64000 	/usr/lib/system/libsystem_malloc.dylib
0x00007fff6ab8c000 	/usr/lib/system/libsystem_networkextension.dylib
0x00007fff6ab9a000 	/usr/lib/system/libsystem_notify.dylib
0x00007fff6abb8000 	/usr/lib/system/libsystem_sandbox.dylib
0x00007fff6abbd000 	/usr/lib/system/libsystem_secinit.dylib
0x00007fff6aaef000 	/usr/lib/system/libsystem_kernel.dylib
0x00007fff6aba4000 	/usr/lib/system/libsystem_platform.dylib
0x00007fff6abad000 	/usr/lib/system/libsystem_pthread.dylib
0x00007fff6abc0000 	/usr/lib/system/libsystem_symptoms.dylib
0x00007fff6abc8000 	/usr/lib/system/libsystem_trace.dylib
0x00007fff6abe0000 	/usr/lib/system/libunwind.dylib
0x00007fff6abe6000 	/usr/lib/system/libxpc.dylib
0x00007fff67ccd000 	/usr/lib/libc++abi.dylib
0x00007fff68ad1000 	/usr/lib/liblzma.5.dylib
0x00007fff6874c000 	/usr/lib/libfakelink.dylib
0x00007fff67a86000 	/usr/lib/libarchive.2.dylib
0x00007fff3e4c2000 	/System/Library/Frameworks/SystemConfiguration.framework/Versions/A/SystemConfiguration
0x00007fff673f1000 	/usr/lib/libCRFSuite.dylib
0x00007fff2f33b000 	/System/Library/Frameworks/CFNetwork.framework/Versions/A/CFNetwork
0x00007fff67c5c000 	/usr/lib/libbsm.0.dylib
0x00007fff6a9cc000 	/usr/lib/system/libkxld.dylib
0x00007fff4425b000 	/System/Library/PrivateFrameworks/AppleFSCompression.framework/Versions/A/AppleFSCompression
0x00007fff67fe7000 	/usr/lib/libcoretls.dylib
0x00007fff67ffe000 	/usr/lib/libcoretls_cfhelpers.dylib
0x00007fff6983a000 	/usr/lib/libpam.2.dylib
0x00007fff6996f000 	/usr/lib/libsqlite3.dylib
0x00007fff69dae000 	/usr/lib/libxar.1.dylib
0x00007fff67c6d000 	/usr/lib/libbz2.1.0.dylib
0x00007fff6876d000 	/usr/lib/libiconv.2.dylib
0x00007fff67ce3000 	/usr/lib/libcharset.1.dylib
0x00007fff692d7000 	/usr/lib/libnetwork.dylib
0x00007fff69841000 	/usr/lib/libpcap.A.dylib
0x00007fff67a3b000 	/usr/lib/libapple_nghttp2.dylib
0x00007fff32267000 	/System/Library/Frameworks/CoreServices.framework/Versions/A/Frameworks/FSEvents.framework/Versions/A/FSEvents
0x00007fff31f37000 	/System/Library/Frameworks/CoreServices.framework/Versions/A/Frameworks/CarbonCore.framework/Versions/A/CarbonCore
0x00007fff324ab000 	/System/Library/Frameworks/CoreServices.framework/Versions/A/Frameworks/Metadata.framework/Versions/A/Metadata
0x00007fff32544000 	/System/Library/Frameworks/CoreServices.framework/Versions/A/Frameworks/OSServices.framework/Versions/A/OSServices
0x00007fff32572000 	/System/Library/Frameworks/CoreServices.framework/Versions/A/Frameworks/SearchKit.framework/Versions/A/SearchKit
0x00007fff31eb1000 	/System/Library/Frameworks/CoreServices.framework/Versions/A/Frameworks/AE.framework/Versions/A/AE
0x00007fff32270000 	/System/Library/Frameworks/CoreServices.framework/Versions/A/Frameworks/LaunchServices.framework/Versions/A/LaunchServices
0x00007fff32219000 	/System/Library/Frameworks/CoreServices.framework/Versions/A/Frameworks/DictionaryServices.framework/Versions/A/DictionaryServices
0x00007fff325da000 	/System/Library/Frameworks/CoreServices.framework/Versions/A/Frameworks/SharedFileList.framework/Versions/A/SharedFileList
0x00007fff37461000 	/System/Library/Frameworks/NetFS.framework/Versions/A/NetFS
0x00007fff57f6a000 	/System/Library/PrivateFrameworks/NetAuth.framework/Versions/A/NetAuth
0x00007fff648d1000 	/System/Library/PrivateFrameworks/login.framework/Versions/A/Frameworks/loginsupport.framework/Versions/A/loginsupport
0x00007fff611ef000 	/System/Library/PrivateFrameworks/TCC.framework/Versions/A/TCC
0x00007fff48e80000 	/System/Library/PrivateFrameworks/CoreNLP.framework/Versions/A/CoreNLP
0x00007fff57467000 	/System/Library/PrivateFrameworks/MetadataUtilities.framework/Versions/A/MetadataUtilities
0x00007fff68ba9000 	/usr/lib/libmecabra.dylib
0x00007fff68b01000 	/usr/lib/libmecab.dylib
0x00007fff6875d000 	/usr/lib/libgermantok.dylib
0x00007fff67a22000 	/usr/lib/libThaiTokenizer.dylib
0x00007fff67428000 	/usr/lib/libChineseTokenizer.dylib
0x00007fff2c76c000 	/System/Library/Frameworks/Accelerate.framework/Versions/A/Frameworks/vImage.framework/Versions/A/vImage
0x00007fff2dbd6000 	/System/Library/Frameworks/Accelerate.framework/Versions/A/Frameworks/vecLib.framework/Versions/A/vecLib
0x00007fff2db13000 	/System/Library/Frameworks/Accelerate.framework/Versions/A/Frameworks/vecLib.framework/Versions/A/libvMisc.dylib
0x00007fff2d93b000 	/System/Library/Frameworks/Accelerate.framework/Versions/A/Frameworks/vecLib.framework/Versions/A/libvDSP.dylib
0x00007fff2cdc3000 	/System/Library/Frameworks/Accelerate.framework/Versions/A/Frameworks/vecLib.framework/Versions/A/libBLAS.dylib
0x00007fff2d4ff000 	/System/Library/Frameworks/Accelerate.framework/Versions/A/Frameworks/vecLib.framework/Versions/A/libLAPACK.dylib
0x00007fff2d89b000 	/System/Library/Frameworks/Accelerate.framework/Versions/A/Frameworks/vecLib.framework/Versions/A/libLinearAlgebra.dylib
0x00007fff2d928000 	/System/Library/Frameworks/Accelerate.framework/Versions/A/Frameworks/vecLib.framework/Versions/A/libSparseBLAS.dylib
0x00007fff2d8b1000 	/System/Library/Frameworks/Accelerate.framework/Versions/A/Frameworks/vecLib.framework/Versions/A/libQuadrature.dylib
0x00007fff2d02b000 	/System/Library/Frameworks/Accelerate.framework/Versions/A/Frameworks/vecLib.framework/Versions/A/libBNNS.dylib
0x00007fff2d8b7000 	/System/Library/Frameworks/Accelerate.framework/Versions/A/Frameworks/vecLib.framework/Versions/A/libSparse.dylib
0x00007fff55fdd000 	/System/Library/PrivateFrameworks/LanguageModeling.framework/Versions/A/LanguageModeling
0x00007fff48830000 	/System/Library/PrivateFrameworks/CoreEmoji.framework/Versions/A/CoreEmoji
0x00007fff560fb000 	/System/Library/PrivateFrameworks/LinguisticData.framework/Versions/A/LinguisticData
0x00007fff560ac000 	/System/Library/PrivateFrameworks/Lexicon.framework/Versions/A/Lexicon
0x00007fff67ce4000 	/usr/lib/libcmph.dylib
0x00007fff3a04f000 	/System/Library/Frameworks/OpenDirectory.framework/Versions/A/Frameworks/CFOpenDirectory.framework/Versions/A/CFOpenDirectory
0x00007fff3a06c000 	/System/Library/Frameworks/OpenDirectory.framework/Versions/A/OpenDirectory
0x00007fff42491000 	/System/Library/PrivateFrameworks/APFS.framework/Versions/A/APFS
0x00007fff3d75b000 	/System/Library/Frameworks/SecurityFoundation.framework/Versions/A/SecurityFoundation
0x00007fff69daa000 	/usr/lib/libutil.dylib
0x00007fff49d65000 	/System/Library/PrivateFrameworks/CoreServicesStore.framework/Versions/A/CoreServicesStore
0x00007fff3d812000 	/System/Library/Frameworks/ServiceManagement.framework/Versions/A/ServiceManagement
0x00007fff45a2a000 	/System/Library/PrivateFrameworks/BackgroundTaskManagement.framework/Versions/A/BackgroundTaskManagement
0x00007fff69ea7000 	/usr/lib/libxslt.1.dylib
0x00007fff448ce000 	/System/Library/PrivateFrameworks/AppleSystemInfo.framework/Versions/A/AppleSystemInfo
0x00007fff33c0d000 	/System/Library/Frameworks/ImageIO.framework/Versions/A/Resources/libJPEG.dylib
0x00007fff33ec9000 	/System/Library/Frameworks/ImageIO.framework/Versions/A/Resources/libTIFF.dylib
0x00007fff33eac000 	/System/Library/Frameworks/ImageIO.framework/Versions/A/Resources/libPng.dylib
0x00007fff33b4f000 	/System/Library/Frameworks/ImageIO.framework/Versions/A/Resources/libGIF.dylib
0x00007fff33b53000 	/System/Library/Frameworks/ImageIO.framework/Versions/A/Resources/libJP2.dylib
0x00007fff33ec7000 	/System/Library/Frameworks/ImageIO.framework/Versions/A/Resources/libRadiance.dylib
0x00007fff68726000 	/usr/lib/libexpat.1.dylib
0x00007fff443b6000 	/System/Library/PrivateFrameworks/AppleJPEG.framework/Versions/A/AppleJPEG
0x00007fff4d04e000 	/System/Library/PrivateFrameworks/FontServices.framework/libFontParser.dylib
0x00007fff638d6000 	/System/Library/PrivateFrameworks/WatchdogClient.framework/Versions/A/WatchdogClient
0x00007fff55638000 	/System/Library/PrivateFrameworks/IOAccelerator.framework/Versions/A/IOAccelerator
0x00007fff363d9000 	/System/Library/Frameworks/MetalPerformanceShaders.framework/Versions/A/MetalPerformanceShaders
0x00007fff51dcf000 	/System/Library/PrivateFrameworks/GPUWrangler.framework/Versions/A/GPUWrangler
0x00007fff5564d000 	/System/Library/PrivateFrameworks/IOPresentment.framework/Versions/A/IOPresentment
0x00007fff4a8e2000 	/System/Library/PrivateFrameworks/DSExternalDisplay.framework/Versions/A/DSExternalDisplay
0x00007fff3a9e0000 	/System/Library/Frameworks/OpenGL.framework/Versions/A/Libraries/libCoreFSCache.dylib
0x00007fff36125000 	/System/Library/Frameworks/MetalPerformanceShaders.framework/Frameworks/MPSCore.framework/Versions/A/MPSCore
0x00007fff36163000 	/System/Library/Frameworks/MetalPerformanceShaders.framework/Frameworks/MPSImage.framework/Versions/A/MPSImage
0x00007fff3622a000 	/System/Library/Frameworks/MetalPerformanceShaders.framework/Frameworks/MPSNeuralNetwork.framework/Versions/A/MPSNeuralNetwork
0x00007fff361ee000 	/System/Library/Frameworks/MetalPerformanceShaders.framework/Frameworks/MPSMatrix.framework/Versions/A/MPSMatrix
0x00007fff36389000 	/System/Library/Frameworks/MetalPerformanceShaders.framework/Frameworks/MPSRayIntersector.framework/Versions/A/MPSRayIntersector
0x00007fff36214000 	/System/Library/Frameworks/MetalPerformanceShaders.framework/Frameworks/MPSNDArray.framework/Versions/A/MPSNDArray
0x00007fff574b4000 	/System/Library/PrivateFrameworks/MetalTools.framework/Versions/A/MetalTools
0x00007fff43666000 	/System/Library/PrivateFrameworks/AggregateDictionary.framework/Versions/A/AggregateDictionary
0x00007fff4827a000 	/System/Library/PrivateFrameworks/CoreAnalytics.framework/Versions/A/CoreAnalytics
0x00007fff447ed000 	/System/Library/PrivateFrameworks/AppleSauce.framework/Versions/A/AppleSauce
0x00007fff676e4000 	/usr/lib/libIOReport.dylib
0x00007fff32adb000 	/System/Library/Frameworks/CoreVideo.framework/Versions/A/CoreVideo
0x00007fff53249000 	/System/Library/PrivateFrameworks/GraphVisualizer.framework/Versions/A/GraphVisualizer
0x00007fff4c595000 	/System/Library/PrivateFrameworks/FaceCore.framework/Versions/A/FaceCore
0x00007fff39ff6000 	/System/Library/Frameworks/OpenCL.framework/Versions/A/OpenCL
0x00007fff67506000 	/usr/lib/libFosl_dynamic.dylib
0x00007fff5898a000 	/System/Library/PrivateFrameworks/OTSVG.framework/Versions/A/OTSVG
0x00007fff2ec95000 	/System/Library/Frameworks/ApplicationServices.framework/Versions/A/Frameworks/ATS.framework/Versions/A/Resources/libFontRegistry.dylib
0x00007fff4d220000 	/System/Library/PrivateFrameworks/FontServices.framework/libhvf.dylib
0x00007fff3a9eb000 	/System/Library/Frameworks/OpenGL.framework/Versions/A/Libraries/libGFXShared.dylib
0x00007fff3abc9000 	/System/Library/Frameworks/OpenGL.framework/Versions/A/Libraries/libGLU.dylib
0x00007fff3a9f4000 	/System/Library/Frameworks/OpenGL.framework/Versions/A/Libraries/libGL.dylib
0x00007fff3a9ff000 	/System/Library/Frameworks/OpenGL.framework/Versions/A/Libraries/libGLImage.dylib
0x00007fff3a9dd000 	/System/Library/Frameworks/OpenGL.framework/Versions/A/Libraries/libCVMSPluginSupport.dylib
0x00007fff3a9e6000 	/System/Library/Frameworks/OpenGL.framework/Versions/A/Libraries/libCoreVMClient.dylib
0x00007fff69178000 	/usr/lib/libncurses.5.4.dylib
0x00007fff2eb91000 	/System/Library/Frameworks/ApplicationServices.framework/Versions/A/Frameworks/ATS.framework/Versions/A/ATS
0x00007fff2ed5e000 	/System/Library/Frameworks/ApplicationServices.framework/Versions/A/Frameworks/ColorSyncLegacy.framework/Versions/A/ColorSyncLegacy
0x00007fff2edfc000 	/System/Library/Frameworks/ApplicationServices.framework/Versions/A/Frameworks/HIServices.framework/Versions/A/HIServices
0x00007fff2ee54000 	/System/Library/Frameworks/ApplicationServices.framework/Versions/A/Frameworks/LangAnalysis.framework/Versions/A/LangAnalysis
0x00007fff2ee63000 	/System/Library/Frameworks/ApplicationServices.framework/Versions/A/Frameworks/PrintCore.framework/Versions/A/PrintCore
0x00007fff2eea9000 	/System/Library/Frameworks/ApplicationServices.framework/Versions/A/Frameworks/QD.framework/Versions/A/QD
0x00007fff2eeb4000 	/System/Library/Frameworks/ApplicationServices.framework/Versions/A/Frameworks/SpeechSynthesis.framework/Versions/A/SpeechSynthesis
0x00007fff2ed2e000 	/System/Library/Frameworks/ApplicationServices.framework/Versions/A/Frameworks/ATSUI.framework/Versions/A/ATSUI
0x00007fff685bc000 	/usr/lib/libcups.2.dylib
0x00007fff35474000 	/System/Library/Frameworks/Kerberos.framework/Versions/A/Kerberos
0x00007fff335b5000 	/System/Library/Frameworks/GSS.framework/Versions/A/GSS
0x00007fff698fb000 	/usr/lib/libresolv.9.dylib
0x00007fff533f6000 	/System/Library/PrivateFrameworks/Heimdal.framework/Versions/A/Heimdal
0x00007fff35487000 	/System/Library/Frameworks/Kerberos.framework/Versions/A/Libraries/libHeimdalProxy.dylib
0x00007fff68763000 	/usr/lib/libheimdal-asn1.dylib
0x00007fff47715000 	/System/Library/PrivateFrameworks/CommonAuth.framework/Versions/A/CommonAuth
0x00007fff4496b000 	/System/Library/PrivateFrameworks/AssertionServices.framework/Versions/A/AssertionServices
0x00007fff4550d000 	/System/Library/PrivateFrameworks/AudioToolboxCore.framework/Versions/A/AudioToolboxCore
0x00007fff64581000 	/System/Library/PrivateFrameworks/caulk.framework/Versions/A/caulk
0x00007fff45ad6000 	/System/Library/PrivateFrameworks/BaseBoard.framework/Versions/A/BaseBoard
0x00007fff5cbe1000 	/System/Library/PrivateFrameworks/RunningBoardServices.framework/Versions/A/RunningBoardServices
0x00007fff59bf5000 	/System/Library/PrivateFrameworks/PersistentConnection.framework/Versions/A/PersistentConnection
0x00007fff5c5db000 	/System/Library/PrivateFrameworks/ProtocolBuffer.framework/Versions/A/ProtocolBuffer
0x00007fff47739000 	/System/Library/PrivateFrameworks/CommonUtilities.framework/Versions/A/CommonUtilities
0x00007fff45c64000 	/System/Library/PrivateFrameworks/Bom.framework/Versions/A/Bom
0x00007fff673b7000 	/usr/lib/libAudioToolboxUtility.dylib
0x00007fff45a34000 	/System/Library/PrivateFrameworks/Backup.framework/Versions/A/Backup
0x00007fff4a803000 	/System/Library/PrivateFrameworks/CrashReporterSupport.framework/Versions/A/CrashReporterSupport
0x00007fff5e672000 	/System/Library/PrivateFrameworks/Sharing.framework/Versions/A/Sharing
0x00007fff43f79000 	/System/Library/PrivateFrameworks/Apple80211.framework/Versions/A/Apple80211
0x00007fff45751000 	/System/Library/PrivateFrameworks/AuthKit.framework/Versions/A/AuthKit
0x00007fff4a513000 	/System/Library/PrivateFrameworks/CoreUtils.framework/Versions/A/CoreUtils
0x00007fff32b20000 	/System/Library/Frameworks/CoreWLAN.framework/Versions/A/CoreWLAN
0x00007fff33742000 	/System/Library/Frameworks/IOBluetooth.framework/Versions/A/IOBluetooth
0x00007fff577b9000 	/System/Library/PrivateFrameworks/MobileKeyBag.framework/Versions/A/MobileKeyBag
0x00007fff49318000 	/System/Library/PrivateFrameworks/CorePhoneNumbers.framework/Versions/A/CorePhoneNumbers
0x00007fff44369000 	/System/Library/PrivateFrameworks/AppleIDAuthSupport.framework/Versions/A/AppleIDAuthSupport
0x00007fff3746e000 	/System/Library/Frameworks/Network.framework/Versions/A/Network
0x00007fff55e89000 	/System/Library/PrivateFrameworks/KeychainCircle.framework/Versions/A/KeychainCircle
0x00007fff30574000 	/System/Library/Frameworks/CoreBluetooth.framework/Versions/A/CoreBluetooth
0x00007fff606ef000 	/System/Library/PrivateFrameworks/SpeechRecognitionCore.framework/Versions/A/SpeechRecognitionCore
0x000000010f200000 	/Library/Java/JavaVirtualMachines/jdk1.8.0_181.jdk/Contents/Home/jre/lib/server/libjvm.dylib
0x00007fff69c7d000 	/usr/lib/libstdc++.6.dylib
0x000000010e90a000 	/Library/Java/JavaVirtualMachines/jdk1.8.0_181.jdk/Contents/Home/jre/lib/libverify.dylib
0x000000010e918000 	/Library/Java/JavaVirtualMachines/jdk1.8.0_181.jdk/Contents/Home/jre/lib/libjava.dylib
0x000000010e998000 	/Library/Java/JavaVirtualMachines/jdk1.8.0_181.jdk/Contents/Home/jre/lib/libzip.dylib
0x000000010e9d9000 	/Library/Java/JavaVirtualMachines/jdk1.8.0_181.jdk/Contents/Home/jre/lib/libmanagement.dylib
0x000000010e9e7000 	/Library/Java/JavaVirtualMachines/jdk1.8.0_181.jdk/Contents/Home/jre/lib/libnet.dylib
0x000000011039a000 	/Library/Java/JavaVirtualMachines/jdk1.8.0_181.jdk/Contents/Home/jre/lib/libnio.dylib
0x0000000127f0c000 	/Library/Java/JavaVirtualMachines/jdk1.8.0_181.jdk/Contents/Home/jre/lib/libsunec.dylib

VM Arguments:
jvm_args: -Dcom.sun.management.jmxremote -Dcom.sun.management.jmxremote.port=60179 -Dcom.sun.management.jmxremote.authenticate=false -Dcom.sun.management.jmxremote.ssl=false -Djava.rmi.server.hostname=localhost -Dspring.jmx.enabled=true -Dspring.application.admin.enabled=true -Djava.security.egd=file:/dev/./urandom -XX:TieredStopAtLevel=1 -Dspring.boot.project.name=DongBa -Dfile.encoding=UTF-8 
java_command: com.cy.DongbaApplication --spring.output.ansi.enabled=always
java_class_path (initial): /Users/mingyuli/Documents/workspace-spring-tool-suite-4-4.8.1.RELEASE/DongBa/target/classes:/Applications/SpringToolSuite4.app/Contents/Eclipse/plugins/org.junit_4.13.0.v20200204-1500.jar:/Applications/SpringToolSuite4.app/Contents/Eclipse/plugins/org.hamcrest.core_1.3.0.v20180420-1519.jar:/Users/mingyuli/.m2/repository/org/springframework/boot/spring-boot-starter-actuator/2.4.1/spring-boot-starter-actuator-2.4.1.jar:/Users/mingyuli/.m2/repository/org/springframework/boot/spring-boot-starter/2.4.1/spring-boot-starter-2.4.1.jar:/Users/mingyuli/.m2/repository/org/springframework/boot/spring-boot-starter-logging/2.4.1/spring-boot-starter-logging-2.4.1.jar:/Users/mingyuli/.m2/repository/ch/qos/logback/logback-classic/1.2.3/logback-classic-1.2.3.jar:/Users/mingyuli/.m2/repository/ch/qos/logback/logback-core/1.2.3/logback-core-1.2.3.jar:/Users/mingyuli/.m2/repository/org/apache/logging/log4j/log4j-to-slf4j/2.13.3/log4j-to-slf4j-2.13.3.jar:/Users/mingyuli/.m2/repository/org/apache/logging/log4j/log4j-api/2.13.3/log4j-api-2.13.3.jar:/Users/mingyuli/.m2/repository/org/slf4j/jul-to-slf4j/1.7.30/jul-to-slf4j-1.7.30.jar:/Users/mingyuli/.m2/repository/jakarta/annotation/jakarta.annotation-api/1.3.5/jakarta.annotation-api-1.3.5.jar:/Users/mingyuli/.m2/repository/org/yaml/snakeyaml/1.27/snakeyaml-1.27.jar:/Users/mingyuli/.m2/repository/org/springframework/boot/spring-boot-actuator-autoconfigure/2.4.1/spring-boot-actuator-autoconfigure-2.4.1.jar:/Users/mingyuli/.m2/repository/org/springframework/boot/spring-boot-actuator/2.4.1/spring-boot-actuator-2.4.1.jar:/Users/mingyuli/.m2/repository/com/fasterxml/jackson/core/jackson-databind/2.11.3/jackson-databind-2.11.3.jar:/Users/mingyuli/.m2/repository/com/fasterxml/jackson/core/jackson-annotations/2.11.3/jackson-annotations-2.11.3.jar:/Users/mingyuli/.m2/repository/com/fasterxml/jackson/core/jackson-core/2.11.3/jackson-core-2.11.3.jar:/Users/mingyuli/.m2/repository/com/fasterxml/jackson/datatype/jackson-datat
Launcher Type: SUN_STANDARD

Environment Variables:
PATH=/usr/bin:/bin:/usr/sbin:/sbin
SHELL=/bin/bash

Signal Handlers:
SIGSEGV: [libjvm.dylib+0x5b6029], sa_mask[0]=11111111011111110111111111111111, sa_flags=SA_ONSTACK|SA_RESTART|SA_SIGINFO
SIGBUS: [libjvm.dylib+0x5b6029], sa_mask[0]=11111111011111110111111111111111, sa_flags=SA_RESTART|SA_SIGINFO
SIGFPE: [libjvm.dylib+0x48b934], sa_mask[0]=11111111011111110111111111111111, sa_flags=SA_RESTART|SA_SIGINFO
SIGPIPE: [libjvm.dylib+0x48b934], sa_mask[0]=11111111011111110111111111111111, sa_flags=SA_RESTART|SA_SIGINFO
SIGXFSZ: [libjvm.dylib+0x48b934], sa_mask[0]=11111111011111110111111111111111, sa_flags=SA_RESTART|SA_SIGINFO
SIGILL: [libjvm.dylib+0x48b934], sa_mask[0]=11111111011111110111111111111111, sa_flags=SA_RESTART|SA_SIGINFO
SIGUSR1: SIG_DFL, sa_mask[0]=00000000000000000000000000000000, sa_flags=none
SIGUSR2: [libjvm.dylib+0x48b452], sa_mask[0]=00100000000000000000000000000000, sa_flags=SA_RESTART|SA_SIGINFO
SIGHUP: [libjvm.dylib+0x489a1d], sa_mask[0]=11111111011111110111111111111111, sa_flags=SA_RESTART|SA_SIGINFO
SIGINT: [libjvm.dylib+0x489a1d], sa_mask[0]=11111111011111110111111111111111, sa_flags=SA_RESTART|SA_SIGINFO
SIGTERM: [libjvm.dylib+0x489a1d], sa_mask[0]=11111111011111110111111111111111, sa_flags=SA_RESTART|SA_SIGINFO
SIGQUIT: [libjvm.dylib+0x489a1d], sa_mask[0]=11111111011111110111111111111111, sa_flags=SA_RESTART|SA_SIGINFO


---------------  S Y S T E M  ---------------

OS:Bsduname:Darwin 19.5.0 Darwin Kernel Version 19.5.0: Tue May 26 20:41:44 PDT 2020; root:xnu-6153.121.2~2/RELEASE_X86_64 x86_64
rlimit: STACK 8192k, CORE 0k, NPROC 1392, NOFILE 10240, AS infinity
load average:5.79 4.35 3.32

CPU:total 4 (initial active 4) (2 cores per cpu, 2 threads per core) family 6 model 142 stepping 9, cmov, cx8, fxsr, mmx, sse, sse2, sse3, ssse3, sse4.1, sse4.2, popcnt, avx, avx2, aes, clmul, erms, 3dnowpref, lzcnt, ht, tsc, tscinvbit, bmi1, bmi2, adx

Memory: 4k page, physical 8388608k(143016k free)

/proc/meminfo:


vm_info: Java HotSpot(TM) 64-Bit Server VM (25.181-b13) for bsd-amd64 JRE (1.8.0_181-b13), built on Jul  7 2018 01:02:31 by "java_re" with gcc 4.2.1 (Based on Apple Inc. build 5658) (LLVM build 2336.11.00)

time: Tue Feb 16 22:54:45 2021
elapsed time: 1182 seconds (0d 0h 19m 42s)

